This file contains any messages produced by compilers while
running configure, to aid debugging if configure makes a mistake.

It was created by gtkglext configure 2.99.0, which was
generated by GNU Autoconf 2.69.  Invocation command line was

  $ ./configure PKG_CONFIG_PATH=/usr/lib/x86_64-linux-gnu/pkgconfig --no-create --no-recursion

## --------- ##
## Platform. ##
## --------- ##

hostname = qualle
uname -m = x86_64
uname -r = 3.5.0-19-generic
uname -s = Linux
uname -v = #30-Ubuntu SMP Tue Nov 13 17:48:01 UTC 2012

/usr/bin/uname -p = unknown
/bin/uname -X     = unknown

/bin/arch              = unknown
/usr/bin/arch -k       = unknown
/usr/convex/getsysinfo = unknown
/usr/bin/hostinfo      = unknown
/bin/machine           = unknown
/usr/bin/oslevel       = unknown
/bin/universe          = unknown

PATH: /home/holger/bin
PATH: /usr/lib/lightdm/lightdm
PATH: /usr/local/sbin
PATH: /usr/local/bin
PATH: /usr/sbin
PATH: /usr/bin
PATH: /sbin
PATH: /bin
PATH: /usr/games
PATH: /usr/local/games


## ----------- ##
## Core tests. ##
## ----------- ##

configure:2630: checking for a BSD-compatible install
configure:2698: result: /usr/bin/install -c
configure:2709: checking whether build environment is sane
configure:2759: result: yes
configure:2900: checking for a thread-safe mkdir -p
configure:2939: result: /bin/mkdir -p
configure:2952: checking for gawk
configure:2982: result: no
configure:2952: checking for mawk
configure:2968: found /usr/bin/mawk
configure:2979: result: mawk
configure:2990: checking whether make sets $(MAKE)
configure:3012: result: yes
configure:3092: checking build system type
configure:3106: result: x86_64-unknown-linux-gnu
configure:3126: checking host system type
configure:3139: result: x86_64-unknown-linux-gnu
configure:3247: checking for gcc
configure:3263: found /usr/bin/gcc
configure:3274: result: gcc
configure:3503: checking for C compiler version
configure:3512: gcc --version >&5
gcc (Ubuntu/Linaro 4.7.2-2ubuntu1) 4.7.2
Copyright (C) 2012 Free Software Foundation, Inc.
This is free software; see the source for copying conditions.  There is NO
warranty; not even for MERCHANTABILITY or FITNESS FOR A PARTICULAR PURPOSE.

configure:3523: $? = 0
configure:3512: gcc -v >&5
Using built-in specs.
COLLECT_GCC=gcc
COLLECT_LTO_WRAPPER=/usr/lib/gcc/x86_64-linux-gnu/4.7/lto-wrapper
Target: x86_64-linux-gnu
Configured with: ../src/configure -v --with-pkgversion='Ubuntu/Linaro 4.7.2-2ubuntu1' --with-bugurl=file:///usr/share/doc/gcc-4.7/README.Bugs --enable-languages=c,c++,go,fortran,objc,obj-c++ --prefix=/usr --program-suffix=-4.7 --enable-shared --enable-linker-build-id --with-system-zlib --libexecdir=/usr/lib --without-included-gettext --enable-threads=posix --with-gxx-include-dir=/usr/include/c++/4.7 --libdir=/usr/lib --enable-nls --with-sysroot=/ --enable-clocale=gnu --enable-libstdcxx-debug --enable-libstdcxx-time=yes --enable-gnu-unique-object --enable-plugin --enable-objc-gc --disable-werror --with-arch-32=i686 --with-tune=generic --enable-checking=release --build=x86_64-linux-gnu --host=x86_64-linux-gnu --target=x86_64-linux-gnu
Thread model: posix
gcc version 4.7.2 (Ubuntu/Linaro 4.7.2-2ubuntu1) 
configure:3523: $? = 0
configure:3512: gcc -V >&5
gcc: error: unrecognized command line option '-V'
gcc: fatal error: no input files
compilation terminated.
configure:3523: $? = 4
configure:3512: gcc -qversion >&5
gcc: error: unrecognized command line option '-qversion'
gcc: fatal error: no input files
compilation terminated.
configure:3523: $? = 4
configure:3543: checking whether the C compiler works
configure:3565: gcc    conftest.c  >&5
configure:3569: $? = 0
configure:3617: result: yes
configure:3620: checking for C compiler default output file name
configure:3622: result: a.out
configure:3628: checking for suffix of executables
configure:3635: gcc -o conftest    conftest.c  >&5
configure:3639: $? = 0
configure:3661: result: 
configure:3683: checking whether we are cross compiling
configure:3691: gcc -o conftest    conftest.c  >&5
configure:3695: $? = 0
configure:3702: ./conftest
configure:3706: $? = 0
configure:3721: result: no
configure:3726: checking for suffix of object files
configure:3748: gcc -c   conftest.c >&5
configure:3752: $? = 0
configure:3773: result: o
configure:3777: checking whether we are using the GNU C compiler
configure:3796: gcc -c   conftest.c >&5
configure:3796: $? = 0
configure:3805: result: yes
configure:3814: checking whether gcc accepts -g
configure:3834: gcc -c -g  conftest.c >&5
configure:3834: $? = 0
configure:3875: result: yes
configure:3892: checking for gcc option to accept ISO C89
configure:3955: gcc  -c -g -O2  conftest.c >&5
configure:3955: $? = 0
configure:3968: result: none needed
configure:3999: checking for style of include used by make
configure:4027: result: GNU
configure:4053: checking dependency style of gcc
configure:4164: result: gcc3
configure:4180: checking whether gcc and cc understand -c and -o together
configure:4211: gcc -c conftest.c -o conftest2.o >&5
configure:4215: $? = 0
configure:4221: gcc -c conftest.c -o conftest2.o >&5
configure:4225: $? = 0
configure:4236: cc -c conftest.c >&5
configure:4240: $? = 0
configure:4248: cc -c conftest.c -o conftest2.o >&5
configure:4252: $? = 0
configure:4258: cc -c conftest.c -o conftest2.o >&5
configure:4262: $? = 0
configure:4280: result: yes
configure:4359: checking for gcc
configure:4375: found /usr/bin/gcc
configure:4386: result: gcc
configure:4411: checking for Objective C compiler version
configure:4420: gcc --version >&5
gcc (Ubuntu/Linaro 4.7.2-2ubuntu1) 4.7.2
Copyright (C) 2012 Free Software Foundation, Inc.
This is free software; see the source for copying conditions.  There is NO
warranty; not even for MERCHANTABILITY or FITNESS FOR A PARTICULAR PURPOSE.

configure:4431: $? = 0
configure:4420: gcc -v >&5
Using built-in specs.
COLLECT_GCC=gcc
COLLECT_LTO_WRAPPER=/usr/lib/gcc/x86_64-linux-gnu/4.7/lto-wrapper
Target: x86_64-linux-gnu
Configured with: ../src/configure -v --with-pkgversion='Ubuntu/Linaro 4.7.2-2ubuntu1' --with-bugurl=file:///usr/share/doc/gcc-4.7/README.Bugs --enable-languages=c,c++,go,fortran,objc,obj-c++ --prefix=/usr --program-suffix=-4.7 --enable-shared --enable-linker-build-id --with-system-zlib --libexecdir=/usr/lib --without-included-gettext --enable-threads=posix --with-gxx-include-dir=/usr/include/c++/4.7 --libdir=/usr/lib --enable-nls --with-sysroot=/ --enable-clocale=gnu --enable-libstdcxx-debug --enable-libstdcxx-time=yes --enable-gnu-unique-object --enable-plugin --enable-objc-gc --disable-werror --with-arch-32=i686 --with-tune=generic --enable-checking=release --build=x86_64-linux-gnu --host=x86_64-linux-gnu --target=x86_64-linux-gnu
Thread model: posix
gcc version 4.7.2 (Ubuntu/Linaro 4.7.2-2ubuntu1) 
configure:4431: $? = 0
configure:4420: gcc -V >&5
gcc: error: unrecognized command line option '-V'
gcc: fatal error: no input files
compilation terminated.
configure:4431: $? = 4
configure:4420: gcc -qversion >&5
gcc: error: unrecognized command line option '-qversion'
gcc: fatal error: no input files
compilation terminated.
configure:4431: $? = 4
configure:4435: checking whether we are using the GNU Objective C compiler
configure:4454: gcc -c   conftest.m >&5
gcc: error trying to exec 'cc1obj': execvp: No such file or directory
configure:4454: $? = 1
configure: failed program was:
| /* confdefs.h */
| #define PACKAGE_NAME "gtkglext"
| #define PACKAGE_TARNAME "gtkglext"
| #define PACKAGE_VERSION "2.99.0"
| #define PACKAGE_STRING "gtkglext 2.99.0"
| #define PACKAGE_BUGREPORT "gtkglext-list@gnome.org"
| #define PACKAGE_URL ""
| /* end confdefs.h.  */
| 
| int
| main ()
| {
| #ifndef __GNUC__
|        choke me
| #endif
| 
|   ;
|   return 0;
| }
configure:4463: result: no
configure:4472: checking whether gcc accepts -g
configure:4492: gcc -c -g  conftest.m >&5
gcc: error trying to exec 'cc1obj': execvp: No such file or directory
configure:4492: $? = 1
configure: failed program was:
| /* confdefs.h */
| #define PACKAGE_NAME "gtkglext"
| #define PACKAGE_TARNAME "gtkglext"
| #define PACKAGE_VERSION "2.99.0"
| #define PACKAGE_STRING "gtkglext 2.99.0"
| #define PACKAGE_BUGREPORT "gtkglext-list@gnome.org"
| #define PACKAGE_URL ""
| /* end confdefs.h.  */
| 
| int
| main ()
| {
| 
|   ;
|   return 0;
| }
configure:4507: gcc -c   conftest.m >&5
gcc: error trying to exec 'cc1obj': execvp: No such file or directory
configure:4507: $? = 1
configure: failed program was:
| /* confdefs.h */
| #define PACKAGE_NAME "gtkglext"
| #define PACKAGE_TARNAME "gtkglext"
| #define PACKAGE_VERSION "2.99.0"
| #define PACKAGE_STRING "gtkglext 2.99.0"
| #define PACKAGE_BUGREPORT "gtkglext-list@gnome.org"
| #define PACKAGE_URL ""
| /* end confdefs.h.  */
| 
| int
| main ()
| {
| 
|   ;
|   return 0;
| }
configure:4523: gcc -c -g  conftest.m >&5
gcc: error trying to exec 'cc1obj': execvp: No such file or directory
configure:4523: $? = 1
configure: failed program was:
| /* confdefs.h */
| #define PACKAGE_NAME "gtkglext"
| #define PACKAGE_TARNAME "gtkglext"
| #define PACKAGE_VERSION "2.99.0"
| #define PACKAGE_STRING "gtkglext 2.99.0"
| #define PACKAGE_BUGREPORT "gtkglext-list@gnome.org"
| #define PACKAGE_URL ""
| /* end confdefs.h.  */
| 
| int
| main ()
| {
| 
|   ;
|   return 0;
| }
configure:4533: result: no
configure:4558: checking dependency style of gcc
configure:4667: result: gcc3
configure:4760: checking how to print strings
configure:4787: result: printf
configure:4808: checking for a sed that does not truncate output
configure:4872: result: /bin/sed
configure:4890: checking for grep that handles long lines and -e
configure:4948: result: /bin/grep
configure:4953: checking for egrep
configure:5015: result: /bin/grep -E
configure:5020: checking for fgrep
configure:5082: result: /bin/grep -F
configure:5117: checking for ld used by gcc
configure:5184: result: /usr/bin/ld
configure:5191: checking if the linker (/usr/bin/ld) is GNU ld
configure:5206: result: yes
configure:5218: checking for BSD- or MS-compatible name lister (nm)
configure:5267: result: /usr/bin/nm -B
configure:5397: checking the name lister (/usr/bin/nm -B) interface
configure:5404: gcc -c -g -O2  conftest.c >&5
configure:5407: /usr/bin/nm -B "conftest.o"
configure:5410: output
0000000000000000 B some_variable
configure:5417: result: BSD nm
configure:5420: checking whether ln -s works
configure:5424: result: yes
configure:5432: checking the maximum length of command line arguments
configure:5562: result: 3458764513820540925
configure:5579: checking whether the shell understands some XSI constructs
configure:5589: result: yes
configure:5593: checking whether the shell understands "+="
configure:5599: result: yes
configure:5634: checking how to convert x86_64-unknown-linux-gnu file names to x86_64-unknown-linux-gnu format
configure:5674: result: func_convert_file_noop
configure:5681: checking how to convert x86_64-unknown-linux-gnu file names to toolchain format
configure:5701: result: func_convert_file_noop
configure:5708: checking for /usr/bin/ld option to reload object files
configure:5715: result: -r
configure:5789: checking for objdump
configure:5805: found /usr/bin/objdump
configure:5816: result: objdump
configure:5845: checking how to recognize dependent libraries
configure:6047: result: pass_all
configure:6132: checking for dlltool
configure:6162: result: no
configure:6189: checking how to associate runtime and link libraries
configure:6216: result: printf %s\n
configure:6277: checking for ar
configure:6293: found /usr/bin/ar
configure:6304: result: ar
configure:6341: checking for archiver @FILE support
configure:6358: gcc -c -g -O2  conftest.c >&5
configure:6358: $? = 0
configure:6361: ar cru libconftest.a @conftest.lst >&5
configure:6364: $? = 0
configure:6369: ar cru libconftest.a @conftest.lst >&5
ar: conftest.o: No such file or directory
configure:6372: $? = 1
configure:6384: result: @
configure:6442: checking for strip
configure:6458: found /usr/bin/strip
configure:6469: result: strip
configure:6541: checking for ranlib
configure:6557: found /usr/bin/ranlib
configure:6568: result: ranlib
configure:6670: checking command to parse /usr/bin/nm -B output from gcc object
configure:6790: gcc -c -g -O2  conftest.c >&5
configure:6793: $? = 0
configure:6797: /usr/bin/nm -B conftest.o \| sed -n -e 's/^.*[ ]\([ABCDGIRSTW][ABCDGIRSTW]*\)[ ][ ]*\([_A-Za-z][_A-Za-z0-9]*\)$/\1 \2 \2/p' | sed '/ __gnu_lto/d' \> conftest.nm
configure:6800: $? = 0
configure:6866: gcc -o conftest -g -O2   conftest.c conftstm.o >&5
configure:6869: $? = 0
configure:6907: result: ok
configure:6944: checking for sysroot
configure:6974: result: no
configure:7051: gcc -c -g -O2  conftest.c >&5
configure:7054: $? = 0
configure:7230: checking for mt
configure:7246: found /bin/mt
configure:7257: result: mt
configure:7280: checking if mt is a manifest tool
configure:7286: mt '-?'
configure:7294: result: no
configure:7936: checking how to run the C preprocessor
configure:7967: gcc -E  conftest.c
configure:7967: $? = 0
configure:7981: gcc -E  conftest.c
conftest.c:9:28: fatal error: ac_nonexistent.h: No such file or directory
compilation terminated.
configure:7981: $? = 1
configure: failed program was:
| /* confdefs.h */
| #define PACKAGE_NAME "gtkglext"
| #define PACKAGE_TARNAME "gtkglext"
| #define PACKAGE_VERSION "2.99.0"
| #define PACKAGE_STRING "gtkglext 2.99.0"
| #define PACKAGE_BUGREPORT "gtkglext-list@gnome.org"
| #define PACKAGE_URL ""
| /* end confdefs.h.  */
| #include <ac_nonexistent.h>
configure:8006: result: gcc -E
configure:8026: gcc -E  conftest.c
configure:8026: $? = 0
configure:8040: gcc -E  conftest.c
conftest.c:9:28: fatal error: ac_nonexistent.h: No such file or directory
compilation terminated.
configure:8040: $? = 1
configure: failed program was:
| /* confdefs.h */
| #define PACKAGE_NAME "gtkglext"
| #define PACKAGE_TARNAME "gtkglext"
| #define PACKAGE_VERSION "2.99.0"
| #define PACKAGE_STRING "gtkglext 2.99.0"
| #define PACKAGE_BUGREPORT "gtkglext-list@gnome.org"
| #define PACKAGE_URL ""
| /* end confdefs.h.  */
| #include <ac_nonexistent.h>
configure:8069: checking for ANSI C header files
configure:8089: gcc -c -g -O2  conftest.c >&5
configure:8089: $? = 0
configure:8162: gcc -o conftest -g -O2   conftest.c  >&5
configure:8162: $? = 0
configure:8162: ./conftest
configure:8162: $? = 0
configure:8173: result: yes
configure:8186: checking for sys/types.h
configure:8186: gcc -c -g -O2  conftest.c >&5
configure:8186: $? = 0
configure:8186: result: yes
configure:8186: checking for sys/stat.h
configure:8186: gcc -c -g -O2  conftest.c >&5
configure:8186: $? = 0
configure:8186: result: yes
configure:8186: checking for stdlib.h
configure:8186: gcc -c -g -O2  conftest.c >&5
configure:8186: $? = 0
configure:8186: result: yes
configure:8186: checking for string.h
configure:8186: gcc -c -g -O2  conftest.c >&5
configure:8186: $? = 0
configure:8186: result: yes
configure:8186: checking for memory.h
configure:8186: gcc -c -g -O2  conftest.c >&5
configure:8186: $? = 0
configure:8186: result: yes
configure:8186: checking for strings.h
configure:8186: gcc -c -g -O2  conftest.c >&5
configure:8186: $? = 0
configure:8186: result: yes
configure:8186: checking for inttypes.h
configure:8186: gcc -c -g -O2  conftest.c >&5
configure:8186: $? = 0
configure:8186: result: yes
configure:8186: checking for stdint.h
configure:8186: gcc -c -g -O2  conftest.c >&5
configure:8186: $? = 0
configure:8186: result: yes
configure:8186: checking for unistd.h
configure:8186: gcc -c -g -O2  conftest.c >&5
configure:8186: $? = 0
configure:8186: result: yes
configure:8200: checking for dlfcn.h
configure:8200: gcc -c -g -O2  conftest.c >&5
configure:8200: $? = 0
configure:8200: result: yes
configure:8674: checking for objdir
configure:8689: result: .libs
configure:8960: checking if gcc supports -fno-rtti -fno-exceptions
configure:8978: gcc -c -g -O2  -fno-rtti -fno-exceptions conftest.c >&5
cc1: warning: command line option '-fno-rtti' is valid for C++/ObjC++ but not for C [enabled by default]
configure:8982: $? = 0
configure:8995: result: no
configure:9322: checking for gcc option to produce PIC
configure:9329: result: -fPIC -DPIC
configure:9337: checking if gcc PIC flag -fPIC -DPIC works
configure:9355: gcc -c -g -O2  -fPIC -DPIC -DPIC conftest.c >&5
configure:9359: $? = 0
configure:9372: result: yes
configure:9401: checking if gcc static flag -static works
configure:9429: result: yes
configure:9444: checking if gcc supports -c -o file.o
configure:9465: gcc -c -g -O2  -o out/conftest2.o conftest.c >&5
configure:9469: $? = 0
configure:9491: result: yes
configure:9499: checking if gcc supports -c -o file.o
configure:9546: result: yes
configure:9579: checking whether the gcc linker (/usr/bin/ld -m elf_x86_64) supports shared libraries
configure:10736: result: yes
configure:10773: checking whether -lc should be explicitly linked in
configure:10781: gcc -c -g -O2  conftest.c >&5
configure:10784: $? = 0
configure:10799: gcc -shared  -fPIC -DPIC conftest.o  -v -Wl,-soname -Wl,conftest -o conftest 2\>\&1 \| /bin/grep  -lc  \>/dev/null 2\>\&1
configure:10802: $? = 0
configure:10816: result: no
configure:10976: checking dynamic linker characteristics
configure:11487: gcc -o conftest -g -O2   -Wl,-rpath -Wl,/foo conftest.c  >&5
configure:11487: $? = 0
configure:11721: result: GNU/Linux ld.so
configure:11828: checking how to hardcode library paths into programs
configure:11853: result: immediate
configure:12393: checking whether stripping libraries is possible
configure:12398: result: yes
configure:12433: checking if libtool supports shared libraries
configure:12435: result: yes
configure:12438: checking whether to build shared libraries
configure:12459: result: yes
configure:12462: checking whether to build static libraries
configure:12466: result: no
configure:12561: checking for g++
configure:12577: found /usr/bin/g++
configure:12588: result: g++
configure:12615: checking for C++ compiler version
configure:12624: g++ --version >&5
g++ (Ubuntu/Linaro 4.7.2-2ubuntu1) 4.7.2
Copyright (C) 2012 Free Software Foundation, Inc.
This is free software; see the source for copying conditions.  There is NO
warranty; not even for MERCHANTABILITY or FITNESS FOR A PARTICULAR PURPOSE.

configure:12635: $? = 0
configure:12624: g++ -v >&5
Using built-in specs.
COLLECT_GCC=g++
COLLECT_LTO_WRAPPER=/usr/lib/gcc/x86_64-linux-gnu/4.7/lto-wrapper
Target: x86_64-linux-gnu
Configured with: ../src/configure -v --with-pkgversion='Ubuntu/Linaro 4.7.2-2ubuntu1' --with-bugurl=file:///usr/share/doc/gcc-4.7/README.Bugs --enable-languages=c,c++,go,fortran,objc,obj-c++ --prefix=/usr --program-suffix=-4.7 --enable-shared --enable-linker-build-id --with-system-zlib --libexecdir=/usr/lib --without-included-gettext --enable-threads=posix --with-gxx-include-dir=/usr/include/c++/4.7 --libdir=/usr/lib --enable-nls --with-sysroot=/ --enable-clocale=gnu --enable-libstdcxx-debug --enable-libstdcxx-time=yes --enable-gnu-unique-object --enable-plugin --enable-objc-gc --disable-werror --with-arch-32=i686 --with-tune=generic --enable-checking=release --build=x86_64-linux-gnu --host=x86_64-linux-gnu --target=x86_64-linux-gnu
Thread model: posix
gcc version 4.7.2 (Ubuntu/Linaro 4.7.2-2ubuntu1) 
configure:12635: $? = 0
configure:12624: g++ -V >&5
g++: error: unrecognized command line option '-V'
g++: fatal error: no input files
compilation terminated.
configure:12635: $? = 4
configure:12624: g++ -qversion >&5
g++: error: unrecognized command line option '-qversion'
g++: fatal error: no input files
compilation terminated.
configure:12635: $? = 4
configure:12639: checking whether we are using the GNU C++ compiler
configure:12658: g++ -c   conftest.cpp >&5
configure:12658: $? = 0
configure:12667: result: yes
configure:12676: checking whether g++ accepts -g
configure:12696: g++ -c -g  conftest.cpp >&5
configure:12696: $? = 0
configure:12737: result: yes
configure:12762: checking dependency style of g++
configure:12873: result: gcc3
configure:12907: checking how to run the C++ preprocessor
configure:12934: g++ -E  conftest.cpp
configure:12934: $? = 0
configure:12948: g++ -E  conftest.cpp
conftest.cpp:21:28: fatal error: ac_nonexistent.h: No such file or directory
compilation terminated.
configure:12948: $? = 1
configure: failed program was:
| /* confdefs.h */
| #define PACKAGE_NAME "gtkglext"
| #define PACKAGE_TARNAME "gtkglext"
| #define PACKAGE_VERSION "2.99.0"
| #define PACKAGE_STRING "gtkglext 2.99.0"
| #define PACKAGE_BUGREPORT "gtkglext-list@gnome.org"
| #define PACKAGE_URL ""
| #define STDC_HEADERS 1
| #define HAVE_SYS_TYPES_H 1
| #define HAVE_SYS_STAT_H 1
| #define HAVE_STDLIB_H 1
| #define HAVE_STRING_H 1
| #define HAVE_MEMORY_H 1
| #define HAVE_STRINGS_H 1
| #define HAVE_INTTYPES_H 1
| #define HAVE_STDINT_H 1
| #define HAVE_UNISTD_H 1
| #define HAVE_DLFCN_H 1
| #define LT_OBJDIR ".libs/"
| /* end confdefs.h.  */
| #include <ac_nonexistent.h>
configure:12973: result: g++ -E
configure:12993: g++ -E  conftest.cpp
configure:12993: $? = 0
configure:13007: g++ -E  conftest.cpp
conftest.cpp:21:28: fatal error: ac_nonexistent.h: No such file or directory
compilation terminated.
configure:13007: $? = 1
configure: failed program was:
| /* confdefs.h */
| #define PACKAGE_NAME "gtkglext"
| #define PACKAGE_TARNAME "gtkglext"
| #define PACKAGE_VERSION "2.99.0"
| #define PACKAGE_STRING "gtkglext 2.99.0"
| #define PACKAGE_BUGREPORT "gtkglext-list@gnome.org"
| #define PACKAGE_URL ""
| #define STDC_HEADERS 1
| #define HAVE_SYS_TYPES_H 1
| #define HAVE_SYS_STAT_H 1
| #define HAVE_STDLIB_H 1
| #define HAVE_STRING_H 1
| #define HAVE_MEMORY_H 1
| #define HAVE_STRINGS_H 1
| #define HAVE_INTTYPES_H 1
| #define HAVE_STDINT_H 1
| #define HAVE_UNISTD_H 1
| #define HAVE_DLFCN_H 1
| #define LT_OBJDIR ".libs/"
| /* end confdefs.h.  */
| #include <ac_nonexistent.h>
configure:13176: checking for ld used by g++
configure:13243: result: /usr/bin/ld -m elf_x86_64
configure:13250: checking if the linker (/usr/bin/ld -m elf_x86_64) is GNU ld
configure:13265: result: yes
configure:13320: checking whether the g++ linker (/usr/bin/ld -m elf_x86_64) supports shared libraries
configure:14325: result: yes
configure:14361: g++ -c -g -O2  conftest.cpp >&5
configure:14364: $? = 0
configure:14884: checking for g++ option to produce PIC
configure:14891: result: -fPIC -DPIC
configure:14899: checking if g++ PIC flag -fPIC -DPIC works
configure:14917: g++ -c -g -O2  -fPIC -DPIC -DPIC conftest.cpp >&5
configure:14921: $? = 0
configure:14934: result: yes
configure:14957: checking if g++ static flag -static works
configure:14985: result: yes
configure:14997: checking if g++ supports -c -o file.o
configure:15018: g++ -c -g -O2  -o out/conftest2.o conftest.cpp >&5
configure:15022: $? = 0
configure:15044: result: yes
configure:15049: checking if g++ supports -c -o file.o
configure:15096: result: yes
configure:15126: checking whether the g++ linker (/usr/bin/ld -m elf_x86_64) supports shared libraries
configure:15165: result: yes
configure:15306: checking dynamic linker characteristics
configure:15985: result: GNU/Linux ld.so
configure:16038: checking how to hardcode library paths into programs
configure:16063: result: immediate
configure:16106: checking for lib.exe
configure:16134: result: no
configure:16143: checking whether ln -s works
configure:16147: result: yes
configure:16159: checking for perl5
configure:16192: result: no
configure:16159: checking for perl
configure:16177: found /usr/bin/perl
configure:16189: result: /usr/bin/perl
configure:16259: checking for pkg-config
configure:16277: found /usr/bin/pkg-config
configure:16289: result: /usr/bin/pkg-config
configure:16314: checking pkg-config is at least version 0.9.0
configure:16317: result: yes
configure:16336: checking for gobject-introspection
configure:16367: $PKG_CONFIG --exists --print-errors "gobject-introspection-1.0 >= 1.30.0"
configure:16370: $? = 0
configure:16382: result: yes
configure:16429: checking for gtkdoc-check
configure:16447: found /usr/bin/gtkdoc-check
configure:16459: result: /usr/bin/gtkdoc-check
configure:16471: checking for gtkdoc-rebase
configure:16489: found /usr/bin/gtkdoc-rebase
configure:16501: result: /usr/bin/gtkdoc-rebase
configure:16515: checking for gtkdoc-mkpdf
configure:16533: found /usr/bin/gtkdoc-mkpdf
configure:16545: result: /usr/bin/gtkdoc-mkpdf
configure:16679: checking whether to build gtk-doc documentation
configure:16681: result: no
configure:16748: checking for native Win32
configure:16758: result: no
configure:16865: checking for inttypes.h
configure:16865: result: yes
configure:16865: checking for stdlib.h
configure:16865: result: yes
configure:16865: checking for string.h
configure:16865: result: yes
configure:16882: checking for stdlib.h
configure:16882: result: yes
configure:16892: checking for GNU libc compatible malloc
configure:16916: gcc -o conftest -g -O2   conftest.c  -lm >&5
configure:16916: $? = 0
configure:16916: ./conftest
configure:16916: $? = 0
configure:16926: result: yes
configure:16950: checking for memset
configure:16950: gcc -o conftest -g -O2   conftest.c  -lm >&5
conftest.c:49:6: warning: conflicting types for built-in function 'memset' [enabled by default]
configure:16950: $? = 0
configure:16950: result: yes
configure:16950: checking for sqrt
configure:16950: gcc -o conftest -g -O2   conftest.c  -lm >&5
conftest.c:50:6: warning: conflicting types for built-in function 'sqrt' [enabled by default]
configure:16950: $? = 0
configure:16950: result: yes
configure:16950: checking for strchr
configure:16950: gcc -o conftest -g -O2   conftest.c  -lm >&5
conftest.c:51:6: warning: conflicting types for built-in function 'strchr' [enabled by default]
configure:16950: $? = 0
configure:16950: result: yes
configure:16950: checking for strrchr
configure:16950: gcc -o conftest -g -O2   conftest.c  -lm >&5
conftest.c:52:6: warning: conflicting types for built-in function 'strrchr' [enabled by default]
configure:16950: $? = 0
configure:16950: result: yes
configure:16950: checking for strstr
configure:16950: gcc -o conftest -g -O2   conftest.c  -lm >&5
conftest.c:53:6: warning: conflicting types for built-in function 'strstr' [enabled by default]
configure:16950: $? = 0
configure:16950: result: yes
configure:16981: checking for X
configure:17089: gcc -E  conftest.c
configure:17089: $? = 0
configure:17120: gcc -o conftest -g -O2   conftest.c -lX11  >&5
configure:17120: $? = 0
configure:17170: result: libraries , headers 
configure:17269: gcc -o conftest -g -O2   conftest.c   -lX11 >&5
configure:17269: $? = 0
configure:17367: checking for gethostbyname
configure:17367: gcc -o conftest -g -O2   conftest.c  >&5
configure:17367: $? = 0
configure:17367: result: yes
configure:17464: checking for connect
configure:17464: gcc -o conftest -g -O2   conftest.c  >&5
configure:17464: $? = 0
configure:17464: result: yes
configure:17513: checking for remove
configure:17513: gcc -o conftest -g -O2   conftest.c  >&5
configure:17513: $? = 0
configure:17513: result: yes
configure:17562: checking for shmat
configure:17562: gcc -o conftest -g -O2   conftest.c  >&5
configure:17562: $? = 0
configure:17562: result: yes
configure:17620: checking for IceConnectionNumber in -lICE
configure:17645: gcc -o conftest -g -O2   conftest.c -lICE   >&5
configure:17645: $? = 0
configure:17654: result: yes
configure:17738: checking for GTK
configure:17745: $PKG_CONFIG --exists --print-errors "gtk+-3.0 >= 3.0"
configure:17748: $? = 0
configure:17762: $PKG_CONFIG --exists --print-errors "gtk+-3.0 >= 3.0"
configure:17765: $? = 0
configure:17813: result: yes
configure:17819: checking for GDK
configure:17826: $PKG_CONFIG --exists --print-errors "gdk-3.0"
configure:17829: $? = 0
configure:17843: $PKG_CONFIG --exists --print-errors "gdk-3.0"
configure:17846: $? = 0
configure:17894: result: yes
configure:17900: checking for PANGOFT2
configure:17907: $PKG_CONFIG --exists --print-errors "pangoft2"
configure:17910: $? = 0
configure:17924: $PKG_CONFIG --exists --print-errors "pangoft2"
configure:17927: $? = 0
configure:17971: result: yes
configure:18144: checking for the pthreads library -lpthreads
configure:18182: gcc -o conftest -g -O2    conftest.c -lpthreads  >&5
/usr/bin/ld: cannot find -lpthreads
collect2: error: ld returned 1 exit status
configure:18182: $? = 1
configure: failed program was:
| /* confdefs.h */
| #define PACKAGE_NAME "gtkglext"
| #define PACKAGE_TARNAME "gtkglext"
| #define PACKAGE_VERSION "2.99.0"
| #define PACKAGE_STRING "gtkglext 2.99.0"
| #define PACKAGE_BUGREPORT "gtkglext-list@gnome.org"
| #define PACKAGE_URL ""
| #define STDC_HEADERS 1
| #define HAVE_SYS_TYPES_H 1
| #define HAVE_SYS_STAT_H 1
| #define HAVE_STDLIB_H 1
| #define HAVE_STRING_H 1
| #define HAVE_MEMORY_H 1
| #define HAVE_STRINGS_H 1
| #define HAVE_INTTYPES_H 1
| #define HAVE_STDINT_H 1
| #define HAVE_UNISTD_H 1
| #define HAVE_DLFCN_H 1
| #define LT_OBJDIR ".libs/"
| #define HAVE_INTTYPES_H 1
| #define HAVE_STDLIB_H 1
| #define HAVE_STRING_H 1
| #define HAVE_STDLIB_H 1
| #define HAVE_MALLOC 1
| #define HAVE_MEMSET 1
| #define HAVE_SQRT 1
| #define HAVE_STRCHR 1
| #define HAVE_STRRCHR 1
| #define HAVE_STRSTR 1
| /* end confdefs.h.  */
| #include <pthread.h>
| 	             static void routine(void* a) {a=0;}
| 	             static void* start_routine(void* a) {return a;}
| int
| main ()
| {
| pthread_t th; pthread_attr_t attr;
|                      pthread_join(th, 0);
|                      pthread_attr_init(&attr);
|                      pthread_cleanup_push(routine, 0);
|                      pthread_create(&th,0,start_routine,0);
|                      pthread_cleanup_pop(0);
|   ;
|   return 0;
| }
configure:18191: result: no
configure:18089: checking whether pthreads work without any flags
configure:18182: gcc -o conftest -g -O2    conftest.c   >&5
/tmp/ccDKrN7Q.o: In function `main':
/home/holger/Projekte/Titania/gtkglext/conftest.c:38: undefined reference to `pthread_join'
/home/holger/Projekte/Titania/gtkglext/conftest.c:40: undefined reference to `__pthread_register_cancel'
/home/holger/Projekte/Titania/gtkglext/conftest.c:41: undefined reference to `pthread_create'
/home/holger/Projekte/Titania/gtkglext/conftest.c:42: undefined reference to `__pthread_unregister_cancel'
collect2: error: ld returned 1 exit status
configure:18182: $? = 1
configure: failed program was:
| /* confdefs.h */
| #define PACKAGE_NAME "gtkglext"
| #define PACKAGE_TARNAME "gtkglext"
| #define PACKAGE_VERSION "2.99.0"
| #define PACKAGE_STRING "gtkglext 2.99.0"
| #define PACKAGE_BUGREPORT "gtkglext-list@gnome.org"
| #define PACKAGE_URL ""
| #define STDC_HEADERS 1
| #define HAVE_SYS_TYPES_H 1
| #define HAVE_SYS_STAT_H 1
| #define HAVE_STDLIB_H 1
| #define HAVE_STRING_H 1
| #define HAVE_MEMORY_H 1
| #define HAVE_STRINGS_H 1
| #define HAVE_INTTYPES_H 1
| #define HAVE_STDINT_H 1
| #define HAVE_UNISTD_H 1
| #define HAVE_DLFCN_H 1
| #define LT_OBJDIR ".libs/"
| #define HAVE_INTTYPES_H 1
| #define HAVE_STDLIB_H 1
| #define HAVE_STRING_H 1
| #define HAVE_STDLIB_H 1
| #define HAVE_MALLOC 1
| #define HAVE_MEMSET 1
| #define HAVE_SQRT 1
| #define HAVE_STRCHR 1
| #define HAVE_STRRCHR 1
| #define HAVE_STRSTR 1
| /* end confdefs.h.  */
| #include <pthread.h>
| 	             static void routine(void* a) {a=0;}
| 	             static void* start_routine(void* a) {return a;}
| int
| main ()
| {
| pthread_t th; pthread_attr_t attr;
|                      pthread_join(th, 0);
|                      pthread_attr_init(&attr);
|                      pthread_cleanup_push(routine, 0);
|                      pthread_create(&th,0,start_routine,0);
|                      pthread_cleanup_pop(0);
|   ;
|   return 0;
| }
configure:18191: result: no
configure:18094: checking whether pthreads work with -Kthread
configure:18182: gcc -o conftest -g -O2 -Kthread   conftest.c   >&5
gcc: error: unrecognized command line option '-Kthread'
configure:18182: $? = 1
configure: failed program was:
| /* confdefs.h */
| #define PACKAGE_NAME "gtkglext"
| #define PACKAGE_TARNAME "gtkglext"
| #define PACKAGE_VERSION "2.99.0"
| #define PACKAGE_STRING "gtkglext 2.99.0"
| #define PACKAGE_BUGREPORT "gtkglext-list@gnome.org"
| #define PACKAGE_URL ""
| #define STDC_HEADERS 1
| #define HAVE_SYS_TYPES_H 1
| #define HAVE_SYS_STAT_H 1
| #define HAVE_STDLIB_H 1
| #define HAVE_STRING_H 1
| #define HAVE_MEMORY_H 1
| #define HAVE_STRINGS_H 1
| #define HAVE_INTTYPES_H 1
| #define HAVE_STDINT_H 1
| #define HAVE_UNISTD_H 1
| #define HAVE_DLFCN_H 1
| #define LT_OBJDIR ".libs/"
| #define HAVE_INTTYPES_H 1
| #define HAVE_STDLIB_H 1
| #define HAVE_STRING_H 1
| #define HAVE_STDLIB_H 1
| #define HAVE_MALLOC 1
| #define HAVE_MEMSET 1
| #define HAVE_SQRT 1
| #define HAVE_STRCHR 1
| #define HAVE_STRRCHR 1
| #define HAVE_STRSTR 1
| /* end confdefs.h.  */
| #include <pthread.h>
| 	             static void routine(void* a) {a=0;}
| 	             static void* start_routine(void* a) {return a;}
| int
| main ()
| {
| pthread_t th; pthread_attr_t attr;
|                      pthread_join(th, 0);
|                      pthread_attr_init(&attr);
|                      pthread_cleanup_push(routine, 0);
|                      pthread_create(&th,0,start_routine,0);
|                      pthread_cleanup_pop(0);
|   ;
|   return 0;
| }
configure:18191: result: no
configure:18094: checking whether pthreads work with -kthread
configure:18182: gcc -o conftest -g -O2 -kthread   conftest.c   >&5
gcc: error: unrecognized command line option '-kthread'
configure:18182: $? = 1
configure: failed program was:
| /* confdefs.h */
| #define PACKAGE_NAME "gtkglext"
| #define PACKAGE_TARNAME "gtkglext"
| #define PACKAGE_VERSION "2.99.0"
| #define PACKAGE_STRING "gtkglext 2.99.0"
| #define PACKAGE_BUGREPORT "gtkglext-list@gnome.org"
| #define PACKAGE_URL ""
| #define STDC_HEADERS 1
| #define HAVE_SYS_TYPES_H 1
| #define HAVE_SYS_STAT_H 1
| #define HAVE_STDLIB_H 1
| #define HAVE_STRING_H 1
| #define HAVE_MEMORY_H 1
| #define HAVE_STRINGS_H 1
| #define HAVE_INTTYPES_H 1
| #define HAVE_STDINT_H 1
| #define HAVE_UNISTD_H 1
| #define HAVE_DLFCN_H 1
| #define LT_OBJDIR ".libs/"
| #define HAVE_INTTYPES_H 1
| #define HAVE_STDLIB_H 1
| #define HAVE_STRING_H 1
| #define HAVE_STDLIB_H 1
| #define HAVE_MALLOC 1
| #define HAVE_MEMSET 1
| #define HAVE_SQRT 1
| #define HAVE_STRCHR 1
| #define HAVE_STRRCHR 1
| #define HAVE_STRSTR 1
| /* end confdefs.h.  */
| #include <pthread.h>
| 	             static void routine(void* a) {a=0;}
| 	             static void* start_routine(void* a) {return a;}
| int
| main ()
| {
| pthread_t th; pthread_attr_t attr;
|                      pthread_join(th, 0);
|                      pthread_attr_init(&attr);
|                      pthread_cleanup_push(routine, 0);
|                      pthread_create(&th,0,start_routine,0);
|                      pthread_cleanup_pop(0);
|   ;
|   return 0;
| }
configure:18191: result: no
configure:18144: checking for the pthreads library -llthread
configure:18182: gcc -o conftest -g -O2    conftest.c -llthread  >&5
/usr/bin/ld: cannot find -llthread
collect2: error: ld returned 1 exit status
configure:18182: $? = 1
configure: failed program was:
| /* confdefs.h */
| #define PACKAGE_NAME "gtkglext"
| #define PACKAGE_TARNAME "gtkglext"
| #define PACKAGE_VERSION "2.99.0"
| #define PACKAGE_STRING "gtkglext 2.99.0"
| #define PACKAGE_BUGREPORT "gtkglext-list@gnome.org"
| #define PACKAGE_URL ""
| #define STDC_HEADERS 1
| #define HAVE_SYS_TYPES_H 1
| #define HAVE_SYS_STAT_H 1
| #define HAVE_STDLIB_H 1
| #define HAVE_STRING_H 1
| #define HAVE_MEMORY_H 1
| #define HAVE_STRINGS_H 1
| #define HAVE_INTTYPES_H 1
| #define HAVE_STDINT_H 1
| #define HAVE_UNISTD_H 1
| #define HAVE_DLFCN_H 1
| #define LT_OBJDIR ".libs/"
| #define HAVE_INTTYPES_H 1
| #define HAVE_STDLIB_H 1
| #define HAVE_STRING_H 1
| #define HAVE_STDLIB_H 1
| #define HAVE_MALLOC 1
| #define HAVE_MEMSET 1
| #define HAVE_SQRT 1
| #define HAVE_STRCHR 1
| #define HAVE_STRRCHR 1
| #define HAVE_STRSTR 1
| /* end confdefs.h.  */
| #include <pthread.h>
| 	             static void routine(void* a) {a=0;}
| 	             static void* start_routine(void* a) {return a;}
| int
| main ()
| {
| pthread_t th; pthread_attr_t attr;
|                      pthread_join(th, 0);
|                      pthread_attr_init(&attr);
|                      pthread_cleanup_push(routine, 0);
|                      pthread_create(&th,0,start_routine,0);
|                      pthread_cleanup_pop(0);
|   ;
|   return 0;
| }
configure:18191: result: no
configure:18094: checking whether pthreads work with -pthread
configure:18182: gcc -o conftest -g -O2 -pthread   conftest.c   >&5
configure:18182: $? = 0
configure:18191: result: yes
configure:18210: checking for joinable pthread attribute
configure:18225: gcc -o conftest -g -O2 -pthread   conftest.c   >&5
configure:18225: $? = 0
configure:18231: result: PTHREAD_CREATE_JOINABLE
configure:18241: checking if more special flags are required for pthreads
configure:18248: result: no
configure:18337: checking whether we are using the Microsoft C compiler
configure:18356: gcc -c -g -O2  conftest.c >&5
conftest.c: In function 'main':
conftest.c:37:8: error: unknown type name 'choke'
configure:18356: $? = 1
configure: failed program was:
| /* confdefs.h */
| #define PACKAGE_NAME "gtkglext"
| #define PACKAGE_TARNAME "gtkglext"
| #define PACKAGE_VERSION "2.99.0"
| #define PACKAGE_STRING "gtkglext 2.99.0"
| #define PACKAGE_BUGREPORT "gtkglext-list@gnome.org"
| #define PACKAGE_URL ""
| #define STDC_HEADERS 1
| #define HAVE_SYS_TYPES_H 1
| #define HAVE_SYS_STAT_H 1
| #define HAVE_STDLIB_H 1
| #define HAVE_STRING_H 1
| #define HAVE_MEMORY_H 1
| #define HAVE_STRINGS_H 1
| #define HAVE_INTTYPES_H 1
| #define HAVE_STDINT_H 1
| #define HAVE_UNISTD_H 1
| #define HAVE_DLFCN_H 1
| #define LT_OBJDIR ".libs/"
| #define HAVE_INTTYPES_H 1
| #define HAVE_STDLIB_H 1
| #define HAVE_STRING_H 1
| #define HAVE_STDLIB_H 1
| #define HAVE_MALLOC 1
| #define HAVE_MEMSET 1
| #define HAVE_SQRT 1
| #define HAVE_STRCHR 1
| #define HAVE_STRRCHR 1
| #define HAVE_STRSTR 1
| #define HAVE_PTHREAD 1
| /* end confdefs.h.  */
| 
| int
| main ()
| {
| #ifndef _MSC_VER
|        choke me
| #endif
| 
|   ;
|   return 0;
| }
configure:18365: result: no
configure:18381: checking windows.h usability
configure:18381: gcc -c -g -O2  conftest.c >&5
conftest.c:65:21: fatal error: windows.h: No such file or directory
compilation terminated.
configure:18381: $? = 1
configure: failed program was:
| /* confdefs.h */
| #define PACKAGE_NAME "gtkglext"
| #define PACKAGE_TARNAME "gtkglext"
| #define PACKAGE_VERSION "2.99.0"
| #define PACKAGE_STRING "gtkglext 2.99.0"
| #define PACKAGE_BUGREPORT "gtkglext-list@gnome.org"
| #define PACKAGE_URL ""
| #define STDC_HEADERS 1
| #define HAVE_SYS_TYPES_H 1
| #define HAVE_SYS_STAT_H 1
| #define HAVE_STDLIB_H 1
| #define HAVE_STRING_H 1
| #define HAVE_MEMORY_H 1
| #define HAVE_STRINGS_H 1
| #define HAVE_INTTYPES_H 1
| #define HAVE_STDINT_H 1
| #define HAVE_UNISTD_H 1
| #define HAVE_DLFCN_H 1
| #define LT_OBJDIR ".libs/"
| #define HAVE_INTTYPES_H 1
| #define HAVE_STDLIB_H 1
| #define HAVE_STRING_H 1
| #define HAVE_STDLIB_H 1
| #define HAVE_MALLOC 1
| #define HAVE_MEMSET 1
| #define HAVE_SQRT 1
| #define HAVE_STRCHR 1
| #define HAVE_STRRCHR 1
| #define HAVE_STRSTR 1
| #define HAVE_PTHREAD 1
| /* end confdefs.h.  */
| #include <stdio.h>
| #ifdef HAVE_SYS_TYPES_H
| # include <sys/types.h>
| #endif
| #ifdef HAVE_SYS_STAT_H
| # include <sys/stat.h>
| #endif
| #ifdef STDC_HEADERS
| # include <stdlib.h>
| # include <stddef.h>
| #else
| # ifdef HAVE_STDLIB_H
| #  include <stdlib.h>
| # endif
| #endif
| #ifdef HAVE_STRING_H
| # if !defined STDC_HEADERS && defined HAVE_MEMORY_H
| #  include <memory.h>
| # endif
| # include <string.h>
| #endif
| #ifdef HAVE_STRINGS_H
| # include <strings.h>
| #endif
| #ifdef HAVE_INTTYPES_H
| # include <inttypes.h>
| #endif
| #ifdef HAVE_STDINT_H
| # include <stdint.h>
| #endif
| #ifdef HAVE_UNISTD_H
| # include <unistd.h>
| #endif
| #include <windows.h>
configure:18381: result: no
configure:18381: checking windows.h presence
configure:18381: gcc -E  conftest.c
conftest.c:32:21: fatal error: windows.h: No such file or directory
compilation terminated.
configure:18381: $? = 1
configure: failed program was:
| /* confdefs.h */
| #define PACKAGE_NAME "gtkglext"
| #define PACKAGE_TARNAME "gtkglext"
| #define PACKAGE_VERSION "2.99.0"
| #define PACKAGE_STRING "gtkglext 2.99.0"
| #define PACKAGE_BUGREPORT "gtkglext-list@gnome.org"
| #define PACKAGE_URL ""
| #define STDC_HEADERS 1
| #define HAVE_SYS_TYPES_H 1
| #define HAVE_SYS_STAT_H 1
| #define HAVE_STDLIB_H 1
| #define HAVE_STRING_H 1
| #define HAVE_MEMORY_H 1
| #define HAVE_STRINGS_H 1
| #define HAVE_INTTYPES_H 1
| #define HAVE_STDINT_H 1
| #define HAVE_UNISTD_H 1
| #define HAVE_DLFCN_H 1
| #define LT_OBJDIR ".libs/"
| #define HAVE_INTTYPES_H 1
| #define HAVE_STDLIB_H 1
| #define HAVE_STRING_H 1
| #define HAVE_STDLIB_H 1
| #define HAVE_MALLOC 1
| #define HAVE_MEMSET 1
| #define HAVE_SQRT 1
| #define HAVE_STRCHR 1
| #define HAVE_STRRCHR 1
| #define HAVE_STRSTR 1
| #define HAVE_PTHREAD 1
| /* end confdefs.h.  */
| #include <windows.h>
configure:18381: result: no
configure:18381: checking for windows.h
configure:18381: result: no
configure:18397: checking for GL/gl.h
configure:18397: gcc -c -g -O2 -pthread  conftest.c >&5
configure:18397: $? = 0
configure:18397: result: yes
configure:18397: checking for OpenGL/gl.h
configure:18397: gcc -c -g -O2 -pthread  conftest.c >&5
conftest.c:39:23: fatal error: OpenGL/gl.h: No such file or directory
compilation terminated.
configure:18397: $? = 1
configure: failed program was:
| /* confdefs.h */
| #define PACKAGE_NAME "gtkglext"
| #define PACKAGE_TARNAME "gtkglext"
| #define PACKAGE_VERSION "2.99.0"
| #define PACKAGE_STRING "gtkglext 2.99.0"
| #define PACKAGE_BUGREPORT "gtkglext-list@gnome.org"
| #define PACKAGE_URL ""
| #define STDC_HEADERS 1
| #define HAVE_SYS_TYPES_H 1
| #define HAVE_SYS_STAT_H 1
| #define HAVE_STDLIB_H 1
| #define HAVE_STRING_H 1
| #define HAVE_MEMORY_H 1
| #define HAVE_STRINGS_H 1
| #define HAVE_INTTYPES_H 1
| #define HAVE_STDINT_H 1
| #define HAVE_UNISTD_H 1
| #define HAVE_DLFCN_H 1
| #define LT_OBJDIR ".libs/"
| #define HAVE_INTTYPES_H 1
| #define HAVE_STDLIB_H 1
| #define HAVE_STRING_H 1
| #define HAVE_STDLIB_H 1
| #define HAVE_MALLOC 1
| #define HAVE_MEMSET 1
| #define HAVE_SQRT 1
| #define HAVE_STRCHR 1
| #define HAVE_STRRCHR 1
| #define HAVE_STRSTR 1
| #define HAVE_PTHREAD 1
| #define HAVE_GL_GL_H 1
| /* end confdefs.h.  */
| 
| # if defined(HAVE_WINDOWS_H) && defined(_WIN32)
| #   include <windows.h>
| # endif
| 
| 
| #include <OpenGL/gl.h>
configure:18397: result: no
configure:18418: checking for OpenGL library
configure:18465: gcc -o conftest -g -O2  -pthread   conftest.c -lopengl32  >&5
/usr/bin/ld: cannot find -lopengl32
collect2: error: ld returned 1 exit status
configure:18465: $? = 1
configure: failed program was:
| /* confdefs.h */
| #define PACKAGE_NAME "gtkglext"
| #define PACKAGE_TARNAME "gtkglext"
| #define PACKAGE_VERSION "2.99.0"
| #define PACKAGE_STRING "gtkglext 2.99.0"
| #define PACKAGE_BUGREPORT "gtkglext-list@gnome.org"
| #define PACKAGE_URL ""
| #define STDC_HEADERS 1
| #define HAVE_SYS_TYPES_H 1
| #define HAVE_SYS_STAT_H 1
| #define HAVE_STDLIB_H 1
| #define HAVE_STRING_H 1
| #define HAVE_MEMORY_H 1
| #define HAVE_STRINGS_H 1
| #define HAVE_INTTYPES_H 1
| #define HAVE_STDINT_H 1
| #define HAVE_UNISTD_H 1
| #define HAVE_DLFCN_H 1
| #define LT_OBJDIR ".libs/"
| #define HAVE_INTTYPES_H 1
| #define HAVE_STDLIB_H 1
| #define HAVE_STRING_H 1
| #define HAVE_STDLIB_H 1
| #define HAVE_MALLOC 1
| #define HAVE_MEMSET 1
| #define HAVE_SQRT 1
| #define HAVE_STRCHR 1
| #define HAVE_STRRCHR 1
| #define HAVE_STRSTR 1
| #define HAVE_PTHREAD 1
| #define HAVE_GL_GL_H 1
| /* end confdefs.h.  */
| 
| # if defined(HAVE_WINDOWS_H) && defined(_WIN32)
| #   include <windows.h>
| # endif
| # ifdef HAVE_GL_GL_H
| #   include <GL/gl.h>
| # elif defined(HAVE_OPENGL_GL_H)
| #   include <OpenGL/gl.h>
| # else
| #   error no gl.h
| # endif
| int
| main ()
| {
| glBegin(0)
|   ;
|   return 0;
| }
configure:18491: gcc -o conftest -g -O2  -pthread   -L/usr/lib64/nvidia conftest.c -lopengl32  >&5
/usr/bin/ld: cannot find -lopengl32
collect2: error: ld returned 1 exit status
configure:18491: $? = 1
configure: failed program was:
| /* confdefs.h */
| #define PACKAGE_NAME "gtkglext"
| #define PACKAGE_TARNAME "gtkglext"
| #define PACKAGE_VERSION "2.99.0"
| #define PACKAGE_STRING "gtkglext 2.99.0"
| #define PACKAGE_BUGREPORT "gtkglext-list@gnome.org"
| #define PACKAGE_URL ""
| #define STDC_HEADERS 1
| #define HAVE_SYS_TYPES_H 1
| #define HAVE_SYS_STAT_H 1
| #define HAVE_STDLIB_H 1
| #define HAVE_STRING_H 1
| #define HAVE_MEMORY_H 1
| #define HAVE_STRINGS_H 1
| #define HAVE_INTTYPES_H 1
| #define HAVE_STDINT_H 1
| #define HAVE_UNISTD_H 1
| #define HAVE_DLFCN_H 1
| #define LT_OBJDIR ".libs/"
| #define HAVE_INTTYPES_H 1
| #define HAVE_STDLIB_H 1
| #define HAVE_STRING_H 1
| #define HAVE_STDLIB_H 1
| #define HAVE_MALLOC 1
| #define HAVE_MEMSET 1
| #define HAVE_SQRT 1
| #define HAVE_STRCHR 1
| #define HAVE_STRRCHR 1
| #define HAVE_STRSTR 1
| #define HAVE_PTHREAD 1
| #define HAVE_GL_GL_H 1
| /* end confdefs.h.  */
| 
| # if defined(HAVE_WINDOWS_H) && defined(_WIN32)
| #   include <windows.h>
| # endif
| # ifdef HAVE_GL_GL_H
| #   include <GL/gl.h>
| # elif defined(HAVE_OPENGL_GL_H)
| #   include <OpenGL/gl.h>
| # else
| #   error no gl.h
| # endif
| int
| main ()
| {
| glBegin(0)
|   ;
|   return 0;
| }
configure:18517: gcc -o conftest -g -O2  -pthread   -dylib_file /System/Library/Frameworks/OpenGL.framework/Versions/A/Libraries/libGL.dylib:/System/Library/Frameworks/OpenGL.framework/Versions/A/Libraries/libGL.dylib conftest.c -lopengl32  >&5
gcc: error: /System/Library/Frameworks/OpenGL.framework/Versions/A/Libraries/libGL.dylib:/System/Library/Frameworks/OpenGL.framework/Versions/A/Libraries/libGL.dylib: No such file or directory
configure:18517: $? = 1
configure: failed program was:
| /* confdefs.h */
| #define PACKAGE_NAME "gtkglext"
| #define PACKAGE_TARNAME "gtkglext"
| #define PACKAGE_VERSION "2.99.0"
| #define PACKAGE_STRING "gtkglext 2.99.0"
| #define PACKAGE_BUGREPORT "gtkglext-list@gnome.org"
| #define PACKAGE_URL ""
| #define STDC_HEADERS 1
| #define HAVE_SYS_TYPES_H 1
| #define HAVE_SYS_STAT_H 1
| #define HAVE_STDLIB_H 1
| #define HAVE_STRING_H 1
| #define HAVE_MEMORY_H 1
| #define HAVE_STRINGS_H 1
| #define HAVE_INTTYPES_H 1
| #define HAVE_STDINT_H 1
| #define HAVE_UNISTD_H 1
| #define HAVE_DLFCN_H 1
| #define LT_OBJDIR ".libs/"
| #define HAVE_INTTYPES_H 1
| #define HAVE_STDLIB_H 1
| #define HAVE_STRING_H 1
| #define HAVE_STDLIB_H 1
| #define HAVE_MALLOC 1
| #define HAVE_MEMSET 1
| #define HAVE_SQRT 1
| #define HAVE_STRCHR 1
| #define HAVE_STRRCHR 1
| #define HAVE_STRSTR 1
| #define HAVE_PTHREAD 1
| #define HAVE_GL_GL_H 1
| /* end confdefs.h.  */
| 
| # if defined(HAVE_WINDOWS_H) && defined(_WIN32)
| #   include <windows.h>
| # endif
| # ifdef HAVE_GL_GL_H
| #   include <GL/gl.h>
| # elif defined(HAVE_OPENGL_GL_H)
| #   include <OpenGL/gl.h>
| # else
| #   error no gl.h
| # endif
| int
| main ()
| {
| glBegin(0)
|   ;
|   return 0;
| }
configure:18465: gcc -o conftest -g -O2  -pthread   conftest.c -lGL  >&5
configure:18465: $? = 0
configure:18561: gcc -o conftest -g -O2  -pthread   conftest.c -lGL  >&5
configure:18561: $? = 0
configure:18604: result: -lGL
configure:18635: checking for GL/glu.h
configure:18635: gcc -c -g -O2 -pthread  conftest.c >&5
configure:18635: $? = 0
configure:18635: result: yes
configure:18635: checking for OpenGL/glu.h
configure:18635: gcc -c -g -O2 -pthread  conftest.c >&5
conftest.c:40:24: fatal error: OpenGL/glu.h: No such file or directory
compilation terminated.
configure:18635: $? = 1
configure: failed program was:
| /* confdefs.h */
| #define PACKAGE_NAME "gtkglext"
| #define PACKAGE_TARNAME "gtkglext"
| #define PACKAGE_VERSION "2.99.0"
| #define PACKAGE_STRING "gtkglext 2.99.0"
| #define PACKAGE_BUGREPORT "gtkglext-list@gnome.org"
| #define PACKAGE_URL ""
| #define STDC_HEADERS 1
| #define HAVE_SYS_TYPES_H 1
| #define HAVE_SYS_STAT_H 1
| #define HAVE_STDLIB_H 1
| #define HAVE_STRING_H 1
| #define HAVE_MEMORY_H 1
| #define HAVE_STRINGS_H 1
| #define HAVE_INTTYPES_H 1
| #define HAVE_STDINT_H 1
| #define HAVE_UNISTD_H 1
| #define HAVE_DLFCN_H 1
| #define LT_OBJDIR ".libs/"
| #define HAVE_INTTYPES_H 1
| #define HAVE_STDLIB_H 1
| #define HAVE_STRING_H 1
| #define HAVE_STDLIB_H 1
| #define HAVE_MALLOC 1
| #define HAVE_MEMSET 1
| #define HAVE_SQRT 1
| #define HAVE_STRCHR 1
| #define HAVE_STRRCHR 1
| #define HAVE_STRSTR 1
| #define HAVE_PTHREAD 1
| #define HAVE_GL_GL_H 1
| #define HAVE_GL_GLU_H 1
| /* end confdefs.h.  */
| 
| # if defined(HAVE_WINDOWS_H) && defined(_WIN32)
| #   include <windows.h>
| # endif
| 
| 
| #include <OpenGL/glu.h>
configure:18635: result: no
configure:18654: checking for OpenGL Utility library
configure:18711: g++ -o conftest -g -O2 -pthread   -lGL  conftest.cpp  >&5
/tmp/ccTqUHDh.o: In function `main':
/home/holger/Projekte/Titania/gtkglext/conftest.cpp:49: undefined reference to `gluBeginCurve'
collect2: error: ld returned 1 exit status
configure:18711: $? = 1
configure: failed program was:
| /* confdefs.h */
| #define PACKAGE_NAME "gtkglext"
| #define PACKAGE_TARNAME "gtkglext"
| #define PACKAGE_VERSION "2.99.0"
| #define PACKAGE_STRING "gtkglext 2.99.0"
| #define PACKAGE_BUGREPORT "gtkglext-list@gnome.org"
| #define PACKAGE_URL ""
| #define STDC_HEADERS 1
| #define HAVE_SYS_TYPES_H 1
| #define HAVE_SYS_STAT_H 1
| #define HAVE_STDLIB_H 1
| #define HAVE_STRING_H 1
| #define HAVE_MEMORY_H 1
| #define HAVE_STRINGS_H 1
| #define HAVE_INTTYPES_H 1
| #define HAVE_STDINT_H 1
| #define HAVE_UNISTD_H 1
| #define HAVE_DLFCN_H 1
| #define LT_OBJDIR ".libs/"
| #define HAVE_INTTYPES_H 1
| #define HAVE_STDLIB_H 1
| #define HAVE_STRING_H 1
| #define HAVE_STDLIB_H 1
| #define HAVE_MALLOC 1
| #define HAVE_MEMSET 1
| #define HAVE_SQRT 1
| #define HAVE_STRCHR 1
| #define HAVE_STRRCHR 1
| #define HAVE_STRSTR 1
| #define HAVE_PTHREAD 1
| #define HAVE_GL_GL_H 1
| #define HAVE_GL_GLU_H 1
| /* end confdefs.h.  */
| 
| # if defined(HAVE_WINDOWS_H) && defined(_WIN32)
| #   include <windows.h>
| # endif
| # ifdef HAVE_GL_GLU_H
| #   include <GL/glu.h>
| # elif defined(HAVE_OPENGL_GLU_H)
| #   include <OpenGL/glu.h>
| # else
| #   error no glu.h
| # endif
| int
| main ()
| {
| gluBeginCurve(0)
|   ;
|   return 0;
| }
configure:18744: g++ -o conftest -g -O2 -pthread   -lGL  conftest.cpp -lglu32  >&5
/usr/bin/ld: cannot find -lglu32
collect2: error: ld returned 1 exit status
configure:18744: $? = 1
configure: failed program was:
| /* confdefs.h */
| #define PACKAGE_NAME "gtkglext"
| #define PACKAGE_TARNAME "gtkglext"
| #define PACKAGE_VERSION "2.99.0"
| #define PACKAGE_STRING "gtkglext 2.99.0"
| #define PACKAGE_BUGREPORT "gtkglext-list@gnome.org"
| #define PACKAGE_URL ""
| #define STDC_HEADERS 1
| #define HAVE_SYS_TYPES_H 1
| #define HAVE_SYS_STAT_H 1
| #define HAVE_STDLIB_H 1
| #define HAVE_STRING_H 1
| #define HAVE_MEMORY_H 1
| #define HAVE_STRINGS_H 1
| #define HAVE_INTTYPES_H 1
| #define HAVE_STDINT_H 1
| #define HAVE_UNISTD_H 1
| #define HAVE_DLFCN_H 1
| #define LT_OBJDIR ".libs/"
| #define HAVE_INTTYPES_H 1
| #define HAVE_STDLIB_H 1
| #define HAVE_STRING_H 1
| #define HAVE_STDLIB_H 1
| #define HAVE_MALLOC 1
| #define HAVE_MEMSET 1
| #define HAVE_SQRT 1
| #define HAVE_STRCHR 1
| #define HAVE_STRRCHR 1
| #define HAVE_STRSTR 1
| #define HAVE_PTHREAD 1
| #define HAVE_GL_GL_H 1
| #define HAVE_GL_GLU_H 1
| /* end confdefs.h.  */
| 
| # if defined(HAVE_WINDOWS_H) && defined(_WIN32)
| #   include <windows.h>
| # endif
| # ifdef HAVE_GL_GLU_H
| #   include <GL/glu.h>
| # elif defined(HAVE_OPENGL_GLU_H)
| #   include <OpenGL/glu.h>
| # else
| #   error no glu.h
| # endif
| int
| main ()
| {
| gluBeginCurve(0)
|   ;
|   return 0;
| }
configure:18744: g++ -o conftest -g -O2 -pthread   -lGL  conftest.cpp -lGLU  >&5
configure:18744: $? = 0
configure:18772: result: -lGLU
configure:18791: checking for varargs GLU tesselator callback function type
configure:18821: g++ -c -pthread -g -O2  conftest.cpp >&5
conftest.cpp: In function 'int main()':
conftest.cpp:43:48: error: invalid conversion from 'GLvoid (*)(...) {aka void (*)(...)}' to '_GLUfuncptr {aka void (*)()}' [-fpermissive]
In file included from conftest.cpp:36:0:
/usr/include/GL/glu.h:340:23: error:   initializing argument 3 of 'void gluTessCallback(GLUtesselator*, GLenum, _GLUfuncptr)' [-fpermissive]
configure:18821: $? = 1
configure: failed program was:
| /* confdefs.h */
| #define PACKAGE_NAME "gtkglext"
| #define PACKAGE_TARNAME "gtkglext"
| #define PACKAGE_VERSION "2.99.0"
| #define PACKAGE_STRING "gtkglext 2.99.0"
| #define PACKAGE_BUGREPORT "gtkglext-list@gnome.org"
| #define PACKAGE_URL ""
| #define STDC_HEADERS 1
| #define HAVE_SYS_TYPES_H 1
| #define HAVE_SYS_STAT_H 1
| #define HAVE_STDLIB_H 1
| #define HAVE_STRING_H 1
| #define HAVE_MEMORY_H 1
| #define HAVE_STRINGS_H 1
| #define HAVE_INTTYPES_H 1
| #define HAVE_STDINT_H 1
| #define HAVE_UNISTD_H 1
| #define HAVE_DLFCN_H 1
| #define LT_OBJDIR ".libs/"
| #define HAVE_INTTYPES_H 1
| #define HAVE_STDLIB_H 1
| #define HAVE_STRING_H 1
| #define HAVE_STDLIB_H 1
| #define HAVE_MALLOC 1
| #define HAVE_MEMSET 1
| #define HAVE_SQRT 1
| #define HAVE_STRCHR 1
| #define HAVE_STRRCHR 1
| #define HAVE_STRSTR 1
| #define HAVE_PTHREAD 1
| #define HAVE_GL_GL_H 1
| #define HAVE_GL_GLU_H 1
| /* end confdefs.h.  */
| 
| # ifdef HAVE_GL_GLU_H
| #   include <GL/glu.h>
| # else
| #   include <OpenGL/glu.h>
| # endif
| int
| main ()
| {
| GLvoid (*func)(...); gluTessCallback(0, 0, func)
|   ;
|   return 0;
| }
configure:18833: result: no
configure:18856: checking for GLXFBConfigSGIX
configure:18856: gcc -c -g -O2  conftest.c >&5
configure:18856: $? = 0
configure:18856: gcc -c -g -O2  conftest.c >&5
conftest.c: In function 'main':
conftest.c:39:30: error: expected expression before ')' token
configure:18856: $? = 1
configure: failed program was:
| /* confdefs.h */
| #define PACKAGE_NAME "gtkglext"
| #define PACKAGE_TARNAME "gtkglext"
| #define PACKAGE_VERSION "2.99.0"
| #define PACKAGE_STRING "gtkglext 2.99.0"
| #define PACKAGE_BUGREPORT "gtkglext-list@gnome.org"
| #define PACKAGE_URL ""
| #define STDC_HEADERS 1
| #define HAVE_SYS_TYPES_H 1
| #define HAVE_SYS_STAT_H 1
| #define HAVE_STDLIB_H 1
| #define HAVE_STRING_H 1
| #define HAVE_MEMORY_H 1
| #define HAVE_STRINGS_H 1
| #define HAVE_INTTYPES_H 1
| #define HAVE_STDINT_H 1
| #define HAVE_UNISTD_H 1
| #define HAVE_DLFCN_H 1
| #define LT_OBJDIR ".libs/"
| #define HAVE_INTTYPES_H 1
| #define HAVE_STDLIB_H 1
| #define HAVE_STRING_H 1
| #define HAVE_STDLIB_H 1
| #define HAVE_MALLOC 1
| #define HAVE_MEMSET 1
| #define HAVE_SQRT 1
| #define HAVE_STRCHR 1
| #define HAVE_STRRCHR 1
| #define HAVE_STRSTR 1
| #define HAVE_PTHREAD 1
| #define HAVE_GL_GL_H 1
| #define HAVE_GL_GLU_H 1
| /* end confdefs.h.  */
| #include <GL/glx.h>
| 
| int
| main ()
| {
| if (sizeof ((GLXFBConfigSGIX)))
| 	    return 0;
|   ;
|   return 0;
| }
configure:18856: result: yes
configure:18873: checking for GLXFBConfigIDSGIX
configure:18873: gcc -c -g -O2  conftest.c >&5
configure:18873: $? = 0
configure:18873: gcc -c -g -O2  conftest.c >&5
conftest.c: In function 'main':
conftest.c:40:32: error: expected expression before ')' token
configure:18873: $? = 1
configure: failed program was:
| /* confdefs.h */
| #define PACKAGE_NAME "gtkglext"
| #define PACKAGE_TARNAME "gtkglext"
| #define PACKAGE_VERSION "2.99.0"
| #define PACKAGE_STRING "gtkglext 2.99.0"
| #define PACKAGE_BUGREPORT "gtkglext-list@gnome.org"
| #define PACKAGE_URL ""
| #define STDC_HEADERS 1
| #define HAVE_SYS_TYPES_H 1
| #define HAVE_SYS_STAT_H 1
| #define HAVE_STDLIB_H 1
| #define HAVE_STRING_H 1
| #define HAVE_MEMORY_H 1
| #define HAVE_STRINGS_H 1
| #define HAVE_INTTYPES_H 1
| #define HAVE_STDINT_H 1
| #define HAVE_UNISTD_H 1
| #define HAVE_DLFCN_H 1
| #define LT_OBJDIR ".libs/"
| #define HAVE_INTTYPES_H 1
| #define HAVE_STDLIB_H 1
| #define HAVE_STRING_H 1
| #define HAVE_STDLIB_H 1
| #define HAVE_MALLOC 1
| #define HAVE_MEMSET 1
| #define HAVE_SQRT 1
| #define HAVE_STRCHR 1
| #define HAVE_STRRCHR 1
| #define HAVE_STRSTR 1
| #define HAVE_PTHREAD 1
| #define HAVE_GL_GL_H 1
| #define HAVE_GL_GLU_H 1
| #define HAVE_GLXFBCONFIGSGIX 1
| /* end confdefs.h.  */
| #include <GL/glx.h>
| 
| int
| main ()
| {
| if (sizeof ((GLXFBConfigIDSGIX)))
| 	    return 0;
|   ;
|   return 0;
| }
configure:18873: result: yes
configure:18890: checking for GLXPbufferSGIX
configure:18890: gcc -c -g -O2  conftest.c >&5
configure:18890: $? = 0
configure:18890: gcc -c -g -O2  conftest.c >&5
conftest.c: In function 'main':
conftest.c:41:29: error: expected expression before ')' token
configure:18890: $? = 1
configure: failed program was:
| /* confdefs.h */
| #define PACKAGE_NAME "gtkglext"
| #define PACKAGE_TARNAME "gtkglext"
| #define PACKAGE_VERSION "2.99.0"
| #define PACKAGE_STRING "gtkglext 2.99.0"
| #define PACKAGE_BUGREPORT "gtkglext-list@gnome.org"
| #define PACKAGE_URL ""
| #define STDC_HEADERS 1
| #define HAVE_SYS_TYPES_H 1
| #define HAVE_SYS_STAT_H 1
| #define HAVE_STDLIB_H 1
| #define HAVE_STRING_H 1
| #define HAVE_MEMORY_H 1
| #define HAVE_STRINGS_H 1
| #define HAVE_INTTYPES_H 1
| #define HAVE_STDINT_H 1
| #define HAVE_UNISTD_H 1
| #define HAVE_DLFCN_H 1
| #define LT_OBJDIR ".libs/"
| #define HAVE_INTTYPES_H 1
| #define HAVE_STDLIB_H 1
| #define HAVE_STRING_H 1
| #define HAVE_STDLIB_H 1
| #define HAVE_MALLOC 1
| #define HAVE_MEMSET 1
| #define HAVE_SQRT 1
| #define HAVE_STRCHR 1
| #define HAVE_STRRCHR 1
| #define HAVE_STRSTR 1
| #define HAVE_PTHREAD 1
| #define HAVE_GL_GL_H 1
| #define HAVE_GL_GLU_H 1
| #define HAVE_GLXFBCONFIGSGIX 1
| #define HAVE_GLXFBCONFIGIDSGIX 1
| /* end confdefs.h.  */
| #include <GL/glx.h>
| 
| int
| main ()
| {
| if (sizeof ((GLXPbufferSGIX)))
| 	    return 0;
|   ;
|   return 0;
| }
configure:18890: result: yes
configure:18907: checking for GLXVideoSourceSGIX
configure:18907: gcc -c -g -O2  conftest.c >&5
configure:18907: $? = 0
configure:18907: gcc -c -g -O2  conftest.c >&5
conftest.c: In function 'main':
conftest.c:42:33: error: expected expression before ')' token
configure:18907: $? = 1
configure: failed program was:
| /* confdefs.h */
| #define PACKAGE_NAME "gtkglext"
| #define PACKAGE_TARNAME "gtkglext"
| #define PACKAGE_VERSION "2.99.0"
| #define PACKAGE_STRING "gtkglext 2.99.0"
| #define PACKAGE_BUGREPORT "gtkglext-list@gnome.org"
| #define PACKAGE_URL ""
| #define STDC_HEADERS 1
| #define HAVE_SYS_TYPES_H 1
| #define HAVE_SYS_STAT_H 1
| #define HAVE_STDLIB_H 1
| #define HAVE_STRING_H 1
| #define HAVE_MEMORY_H 1
| #define HAVE_STRINGS_H 1
| #define HAVE_INTTYPES_H 1
| #define HAVE_STDINT_H 1
| #define HAVE_UNISTD_H 1
| #define HAVE_DLFCN_H 1
| #define LT_OBJDIR ".libs/"
| #define HAVE_INTTYPES_H 1
| #define HAVE_STDLIB_H 1
| #define HAVE_STRING_H 1
| #define HAVE_STDLIB_H 1
| #define HAVE_MALLOC 1
| #define HAVE_MEMSET 1
| #define HAVE_SQRT 1
| #define HAVE_STRCHR 1
| #define HAVE_STRRCHR 1
| #define HAVE_STRSTR 1
| #define HAVE_PTHREAD 1
| #define HAVE_GL_GL_H 1
| #define HAVE_GL_GLU_H 1
| #define HAVE_GLXFBCONFIGSGIX 1
| #define HAVE_GLXFBCONFIGIDSGIX 1
| #define HAVE_GLXPBUFFERSGIX 1
| /* end confdefs.h.  */
| #include <GL/glx.h>
| 
| int
| main ()
| {
| if (sizeof ((GLXVideoSourceSGIX)))
| 	    return 0;
|   ;
|   return 0;
| }
configure:18907: result: yes
configure:18924: checking for __GLXextFuncPtr
configure:18924: gcc -c -g -O2  conftest.c >&5
configure:18924: $? = 0
configure:18924: gcc -c -g -O2  conftest.c >&5
conftest.c: In function 'main':
conftest.c:43:30: error: expected expression before ')' token
configure:18924: $? = 1
configure: failed program was:
| /* confdefs.h */
| #define PACKAGE_NAME "gtkglext"
| #define PACKAGE_TARNAME "gtkglext"
| #define PACKAGE_VERSION "2.99.0"
| #define PACKAGE_STRING "gtkglext 2.99.0"
| #define PACKAGE_BUGREPORT "gtkglext-list@gnome.org"
| #define PACKAGE_URL ""
| #define STDC_HEADERS 1
| #define HAVE_SYS_TYPES_H 1
| #define HAVE_SYS_STAT_H 1
| #define HAVE_STDLIB_H 1
| #define HAVE_STRING_H 1
| #define HAVE_MEMORY_H 1
| #define HAVE_STRINGS_H 1
| #define HAVE_INTTYPES_H 1
| #define HAVE_STDINT_H 1
| #define HAVE_UNISTD_H 1
| #define HAVE_DLFCN_H 1
| #define LT_OBJDIR ".libs/"
| #define HAVE_INTTYPES_H 1
| #define HAVE_STDLIB_H 1
| #define HAVE_STRING_H 1
| #define HAVE_STDLIB_H 1
| #define HAVE_MALLOC 1
| #define HAVE_MEMSET 1
| #define HAVE_SQRT 1
| #define HAVE_STRCHR 1
| #define HAVE_STRRCHR 1
| #define HAVE_STRSTR 1
| #define HAVE_PTHREAD 1
| #define HAVE_GL_GL_H 1
| #define HAVE_GL_GLU_H 1
| #define HAVE_GLXFBCONFIGSGIX 1
| #define HAVE_GLXFBCONFIGIDSGIX 1
| #define HAVE_GLXPBUFFERSGIX 1
| #define HAVE_GLXVIDEOSOURCESGIX 1
| /* end confdefs.h.  */
| #include <GL/glx.h>
| 
| int
| main ()
| {
| if (sizeof ((__GLXextFuncPtr)))
| 	    return 0;
|   ;
|   return 0;
| }
configure:18924: result: yes
configure:18943: checking for GLhalfNV
configure:18943: gcc -c -g -O2  conftest.c >&5
configure:18943: $? = 0
configure:18943: gcc -c -g -O2  conftest.c >&5
conftest.c: In function 'main':
conftest.c:44:23: error: expected expression before ')' token
configure:18943: $? = 1
configure: failed program was:
| /* confdefs.h */
| #define PACKAGE_NAME "gtkglext"
| #define PACKAGE_TARNAME "gtkglext"
| #define PACKAGE_VERSION "2.99.0"
| #define PACKAGE_STRING "gtkglext 2.99.0"
| #define PACKAGE_BUGREPORT "gtkglext-list@gnome.org"
| #define PACKAGE_URL ""
| #define STDC_HEADERS 1
| #define HAVE_SYS_TYPES_H 1
| #define HAVE_SYS_STAT_H 1
| #define HAVE_STDLIB_H 1
| #define HAVE_STRING_H 1
| #define HAVE_MEMORY_H 1
| #define HAVE_STRINGS_H 1
| #define HAVE_INTTYPES_H 1
| #define HAVE_STDINT_H 1
| #define HAVE_UNISTD_H 1
| #define HAVE_DLFCN_H 1
| #define LT_OBJDIR ".libs/"
| #define HAVE_INTTYPES_H 1
| #define HAVE_STDLIB_H 1
| #define HAVE_STRING_H 1
| #define HAVE_STDLIB_H 1
| #define HAVE_MALLOC 1
| #define HAVE_MEMSET 1
| #define HAVE_SQRT 1
| #define HAVE_STRCHR 1
| #define HAVE_STRRCHR 1
| #define HAVE_STRSTR 1
| #define HAVE_PTHREAD 1
| #define HAVE_GL_GL_H 1
| #define HAVE_GL_GLU_H 1
| #define HAVE_GLXFBCONFIGSGIX 1
| #define HAVE_GLXFBCONFIGIDSGIX 1
| #define HAVE_GLXPBUFFERSGIX 1
| #define HAVE_GLXVIDEOSOURCESGIX 1
| #define HAVE___GLXEXTFUNCPTR 1
| /* end confdefs.h.  */
| #include <GL/gl.h>
| 
| int
| main ()
| {
| if (sizeof ((GLhalfNV)))
| 	    return 0;
|   ;
|   return 0;
| }
configure:18943: result: yes
configure:19190: creating ./config.status

## ---------------- ##
## Cache variables. ##
## ---------------- ##

ac_cv_build=x86_64-unknown-linux-gnu
ac_cv_c_compiler_gnu=yes
ac_cv_cxx_compiler_gnu=yes
ac_cv_env_CCC_set=
ac_cv_env_CCC_value=
ac_cv_env_CC_set=
ac_cv_env_CC_value=
ac_cv_env_CFLAGS_set=
ac_cv_env_CFLAGS_value=
ac_cv_env_CPPFLAGS_set=
ac_cv_env_CPPFLAGS_value=
ac_cv_env_CPP_set=
ac_cv_env_CPP_value=
ac_cv_env_CXXCPP_set=
ac_cv_env_CXXCPP_value=
ac_cv_env_CXXFLAGS_set=
ac_cv_env_CXXFLAGS_value=
ac_cv_env_CXX_set=
ac_cv_env_CXX_value=
ac_cv_env_GDK_CFLAGS_set=
ac_cv_env_GDK_CFLAGS_value=
ac_cv_env_GDK_LIBS_set=
ac_cv_env_GDK_LIBS_value=
ac_cv_env_GTKDOC_DEPS_CFLAGS_set=
ac_cv_env_GTKDOC_DEPS_CFLAGS_value=
ac_cv_env_GTKDOC_DEPS_LIBS_set=
ac_cv_env_GTKDOC_DEPS_LIBS_value=
ac_cv_env_GTK_CFLAGS_set=
ac_cv_env_GTK_CFLAGS_value=
ac_cv_env_GTK_LIBS_set=
ac_cv_env_GTK_LIBS_value=
ac_cv_env_LDFLAGS_set=
ac_cv_env_LDFLAGS_value=
ac_cv_env_LIBS_set=
ac_cv_env_LIBS_value=
ac_cv_env_OBJCFLAGS_set=
ac_cv_env_OBJCFLAGS_value=
ac_cv_env_OBJC_set=
ac_cv_env_OBJC_value=
ac_cv_env_PANGOFT2_CFLAGS_set=
ac_cv_env_PANGOFT2_CFLAGS_value=
ac_cv_env_PANGOFT2_LIBS_set=
ac_cv_env_PANGOFT2_LIBS_value=
ac_cv_env_PKG_CONFIG_LIBDIR_set=
ac_cv_env_PKG_CONFIG_LIBDIR_value=
ac_cv_env_PKG_CONFIG_PATH_set=set
ac_cv_env_PKG_CONFIG_PATH_value=/usr/lib/x86_64-linux-gnu/pkgconfig
ac_cv_env_PKG_CONFIG_set=
ac_cv_env_PKG_CONFIG_value=
ac_cv_env_XMKMF_set=
ac_cv_env_XMKMF_value=
ac_cv_env_build_alias_set=
ac_cv_env_build_alias_value=
ac_cv_env_host_alias_set=
ac_cv_env_host_alias_value=
ac_cv_env_target_alias_set=
ac_cv_env_target_alias_value=
ac_cv_func_connect=yes
ac_cv_func_gethostbyname=yes
ac_cv_func_malloc_0_nonnull=yes
ac_cv_func_memset=yes
ac_cv_func_remove=yes
ac_cv_func_shmat=yes
ac_cv_func_sqrt=yes
ac_cv_func_strchr=yes
ac_cv_func_strrchr=yes
ac_cv_func_strstr=yes
ac_cv_have_x='have_x=yes	ac_x_includes='\'''\''	ac_x_libraries='\'''\'''
ac_cv_header_GL_gl_h=yes
ac_cv_header_GL_glu_h=yes
ac_cv_header_OpenGL_gl_h=no
ac_cv_header_OpenGL_glu_h=no
ac_cv_header_dlfcn_h=yes
ac_cv_header_inttypes_h=yes
ac_cv_header_memory_h=yes
ac_cv_header_stdc=yes
ac_cv_header_stdint_h=yes
ac_cv_header_stdlib_h=yes
ac_cv_header_string_h=yes
ac_cv_header_strings_h=yes
ac_cv_header_sys_stat_h=yes
ac_cv_header_sys_types_h=yes
ac_cv_header_unistd_h=yes
ac_cv_header_windows_h=no
ac_cv_host=x86_64-unknown-linux-gnu
ac_cv_lib_ICE_IceConnectionNumber=yes
ac_cv_objc_compiler_gnu=no
ac_cv_objext=o
ac_cv_path_EGREP='/bin/grep -E'
ac_cv_path_FGREP='/bin/grep -F'
ac_cv_path_GREP=/bin/grep
ac_cv_path_GTKDOC_CHECK=/usr/bin/gtkdoc-check
ac_cv_path_GTKDOC_MKPDF=/usr/bin/gtkdoc-mkpdf
ac_cv_path_GTKDOC_REBASE=/usr/bin/gtkdoc-rebase
ac_cv_path_PERL=/usr/bin/perl
ac_cv_path_SED=/bin/sed
ac_cv_path_ac_pt_PKG_CONFIG=/usr/bin/pkg-config
ac_cv_path_install='/usr/bin/install -c'
ac_cv_path_mkdir=/bin/mkdir
ac_cv_prog_AWK=mawk
ac_cv_prog_CPP='gcc -E'
ac_cv_prog_CXXCPP='g++ -E'
ac_cv_prog_ac_ct_AR=ar
ac_cv_prog_ac_ct_CC=gcc
ac_cv_prog_ac_ct_CXX=g++
ac_cv_prog_ac_ct_MANIFEST_TOOL=mt
ac_cv_prog_ac_ct_OBJC=gcc
ac_cv_prog_ac_ct_OBJDUMP=objdump
ac_cv_prog_ac_ct_RANLIB=ranlib
ac_cv_prog_ac_ct_STRIP=strip
ac_cv_prog_cc_c89=
ac_cv_prog_cc_g=yes
ac_cv_prog_cc_gcc_c_o=yes
ac_cv_prog_cxx_g=yes
ac_cv_prog_make_make_set=yes
ac_cv_prog_ms_librarian=no
ac_cv_prog_objc_g=no
ac_cv_type_GLXFBConfigIDSGIX=yes
ac_cv_type_GLXFBConfigSGIX=yes
ac_cv_type_GLXPbufferSGIX=yes
ac_cv_type_GLXVideoSourceSGIX=yes
ac_cv_type_GLhalfNV=yes
ac_cv_type___GLXextFuncPtr=yes
am_cv_CC_dependencies_compiler_type=gcc3
am_cv_CXX_dependencies_compiler_type=gcc3
am_cv_OBJC_dependencies_compiler_type=gcc3
ax_cv_c_compiler_ms=no
ax_cv_check_gl_libgl=-lGL
ax_cv_check_glu_libglu=-lGLU
ax_cv_varargs_glu_tesscb=no
lt_cv_ar_at_file=@
lt_cv_archive_cmds_need_lc=no
lt_cv_deplibs_check_method=pass_all
lt_cv_file_magic_cmd='$MAGIC_CMD'
lt_cv_file_magic_test_file=
lt_cv_ld_reload_flag=-r
lt_cv_nm_interface='BSD nm'
lt_cv_objdir=.libs
lt_cv_path_LD=/usr/bin/ld
lt_cv_path_LDCXX='/usr/bin/ld -m elf_x86_64'
lt_cv_path_NM='/usr/bin/nm -B'
lt_cv_path_mainfest_tool=no
lt_cv_prog_compiler_c_o=yes
lt_cv_prog_compiler_c_o_CXX=yes
lt_cv_prog_compiler_pic='-fPIC -DPIC'
lt_cv_prog_compiler_pic_CXX='-fPIC -DPIC'
lt_cv_prog_compiler_pic_works=yes
lt_cv_prog_compiler_pic_works_CXX=yes
lt_cv_prog_compiler_rtti_exceptions=no
lt_cv_prog_compiler_static_works=yes
lt_cv_prog_compiler_static_works_CXX=yes
lt_cv_prog_gnu_ld=yes
lt_cv_prog_gnu_ldcxx=yes
lt_cv_sharedlib_from_linklib_cmd='printf %s\n'
lt_cv_shlibpath_overrides_runpath=no
lt_cv_sys_global_symbol_pipe='sed -n -e '\''s/^.*[	 ]\([ABCDGIRSTW][ABCDGIRSTW]*\)[	 ][	 ]*\([_A-Za-z][_A-Za-z0-9]*\)$/\1 \2 \2/p'\'' | sed '\''/ __gnu_lto/d'\'''
lt_cv_sys_global_symbol_to_c_name_address='sed -n -e '\''s/^: \([^ ]*\)[ ]*$/  {\"\1\", (void *) 0},/p'\'' -e '\''s/^[ABCDGIRSTW]* \([^ ]*\) \([^ ]*\)$/  {"\2", (void *) \&\2},/p'\'''
lt_cv_sys_global_symbol_to_c_name_address_lib_prefix='sed -n -e '\''s/^: \([^ ]*\)[ ]*$/  {\"\1\", (void *) 0},/p'\'' -e '\''s/^[ABCDGIRSTW]* \([^ ]*\) \(lib[^ ]*\)$/  {"\2", (void *) \&\2},/p'\'' -e '\''s/^[ABCDGIRSTW]* \([^ ]*\) \([^ ]*\)$/  {"lib\2", (void *) \&\2},/p'\'''
lt_cv_sys_global_symbol_to_cdecl='sed -n -e '\''s/^T .* \(.*\)$/extern int \1();/p'\'' -e '\''s/^[ABCDGIRSTW]* .* \(.*\)$/extern char \1;/p'\'''
lt_cv_sys_max_cmd_len=3458764513820540925
lt_cv_to_host_file_cmd=func_convert_file_noop
lt_cv_to_tool_file_cmd=func_convert_file_noop
pkg_cv_GDK_CFLAGS='-pthread -I/usr/include/gtk-3.0 -I/usr/include/gio-unix-2.0/ -I/usr/include/cairo -I/usr/include/pango-1.0 -I/usr/include/gdk-pixbuf-2.0 -I/usr/include/glib-2.0 -I/usr/lib/x86_64-linux-gnu/glib-2.0/include -I/usr/include/pixman-1 -I/usr/include/freetype2 -I/usr/include/libpng12  '
pkg_cv_GDK_LIBS='-lgdk-3 -lpangocairo-1.0 -lgdk_pixbuf-2.0 -lcairo-gobject -lpango-1.0 -lcairo -lgobject-2.0 -lglib-2.0  '
pkg_cv_GTK_CFLAGS='-pthread -I/usr/include/gtk-3.0 -I/usr/include/atk-1.0 -I/usr/include/at-spi2-atk/2.0 -I/usr/include/pango-1.0 -I/usr/include/gio-unix-2.0/ -I/usr/include/cairo -I/usr/include/gdk-pixbuf-2.0 -I/usr/include/glib-2.0 -I/usr/lib/x86_64-linux-gnu/glib-2.0/include -I/usr/include/freetype2 -I/usr/include/pixman-1 -I/usr/include/libpng12  '
pkg_cv_GTK_LIBS='-lgtk-3 -lgdk-3 -latk-1.0 -lgio-2.0 -lpangocairo-1.0 -lgdk_pixbuf-2.0 -lcairo-gobject -lpango-1.0 -lcairo -lgobject-2.0 -lglib-2.0  '
pkg_cv_PANGOFT2_CFLAGS='-pthread -I/usr/include/pango-1.0 -I/usr/include/freetype2 -I/usr/include/glib-2.0 -I/usr/lib/x86_64-linux-gnu/glib-2.0/include  '
pkg_cv_PANGOFT2_LIBS='-lpangoft2-1.0 -lpango-1.0 -lfreetype -lfontconfig -lgobject-2.0 -lglib-2.0  '

## ----------------- ##
## Output variables. ##
## ----------------- ##

ACLOCAL='${SHELL} /home/holger/Projekte/Titania/gtkglext/missing --run aclocal-1.11'
AMDEPBACKSLASH='\'
AMDEP_FALSE='#'
AMDEP_TRUE=''
AMTAR='$${TAR-tar}'
API_MI='0'
API_MJ='3'
AR='ar'
AS='as'
AUTOCONF='${SHELL} /home/holger/Projekte/Titania/gtkglext/missing --run autoconf'
AUTOHEADER='${SHELL} /home/holger/Projekte/Titania/gtkglext/missing --run autoheader'
AUTOMAKE='${SHELL} /home/holger/Projekte/Titania/gtkglext/missing --run automake-1.11'
AWK='mawk'
CC='gcc'
CCDEPMODE='depmode=gcc3'
CFLAGS='-g -O2 -g'
CPP='gcc -E'
CPPFLAGS=''
CXX='g++'
CXXCPP='g++ -E'
CXXDEPMODE='depmode=gcc3'
CXXFLAGS='-g -O2'
CYGPATH_W='echo'
DEFS='-DHAVE_CONFIG_H'
DEPDIR='.deps'
DLLTOOL='false'
DSYMUTIL=''
DUMPBIN=''
ECHO_C=''
ECHO_N='-n'
ECHO_T=''
EGREP='/bin/grep -E'
ENABLE_GTK_DOC_FALSE=''
ENABLE_GTK_DOC_TRUE='#'
EXEEXT=''
FGREP='/bin/grep -F'
GDKGLEXT_BACKENDS='x11'
GDKGLEXT_WIN_CFLAGS=''
GDKGLEXT_WIN_LIBS=' '
GDK_CFLAGS='-pthread -I/usr/include/gtk-3.0 -I/usr/include/gio-unix-2.0/ -I/usr/include/cairo -I/usr/include/pango-1.0 -I/usr/include/gdk-pixbuf-2.0 -I/usr/include/glib-2.0 -I/usr/lib/x86_64-linux-gnu/glib-2.0/include -I/usr/include/pixman-1 -I/usr/include/freetype2 -I/usr/include/libpng12  '
GDK_LIBS='-lgdk-3 -lpangocairo-1.0 -lgdk_pixbuf-2.0 -lcairo-gobject -lpango-1.0 -lcairo -lgobject-2.0 -lglib-2.0  '
GLIB_MKENUMS='glib-mkenums'
GLU_CFLAGS='-pthread'
GLU_FALSE='#'
GLU_LIBS='-lGLU'
GLU_TRUE=''
GL_CFLAGS='-pthread'
GL_LIBS='-lGL '
GREP='/bin/grep'
GTKDOC_CHECK='/usr/bin/gtkdoc-check'
GTKDOC_DEPS_CFLAGS=''
GTKDOC_DEPS_LIBS=''
GTKDOC_MKPDF='/usr/bin/gtkdoc-mkpdf'
GTKDOC_REBASE='/usr/bin/gtkdoc-rebase'
GTKGLEXT_AGE='9900'
GTKGLEXT_API_MAJOR_VERSION='3'
GTKGLEXT_API_MINOR_VERSION='0'
GTKGLEXT_API_VERSION='3.0'
GTKGLEXT_BINARY_AGE='9900'
GTKGLEXT_CURRENT='9900'
GTKGLEXT_CURRENT_MINUS_AGE='0'
GTKGLEXT_DEBUG_FLAGS='-DG_ENABLE_DEBUG'
GTKGLEXT_INTERFACE_AGE='0'
GTKGLEXT_MAJOR_VERSION='2'
GTKGLEXT_MICRO_VERSION='0'
GTKGLEXT_MINOR_VERSION='99'
GTKGLEXT_RELEASE='2.99'
GTKGLEXT_REVISION='0'
GTKGLEXT_VERSION='2.99.0'
GTK_CFLAGS='-pthread -I/usr/include/gtk-3.0 -I/usr/include/atk-1.0 -I/usr/include/at-spi2-atk/2.0 -I/usr/include/pango-1.0 -I/usr/include/gio-unix-2.0/ -I/usr/include/cairo -I/usr/include/gdk-pixbuf-2.0 -I/usr/include/glib-2.0 -I/usr/lib/x86_64-linux-gnu/glib-2.0/include -I/usr/include/freetype2 -I/usr/include/pixman-1 -I/usr/include/libpng12  '
GTK_DOC_BUILD_HTML_FALSE='#'
GTK_DOC_BUILD_HTML_TRUE=''
GTK_DOC_BUILD_PDF_FALSE=''
GTK_DOC_BUILD_PDF_TRUE='#'
GTK_DOC_USE_LIBTOOL_FALSE='#'
GTK_DOC_USE_LIBTOOL_TRUE=''
GTK_DOC_USE_REBASE_FALSE='#'
GTK_DOC_USE_REBASE_TRUE=''
GTK_LIBS='-lgtk-3 -lgdk-3 -latk-1.0 -lgio-2.0 -lpangocairo-1.0 -lgdk_pixbuf-2.0 -lcairo-gobject -lpango-1.0 -lcairo -lgobject-2.0 -lglib-2.0  '
HAVE_INTROSPECTION_FALSE='#'
HAVE_INTROSPECTION_TRUE=''
HTML_DIR='${datadir}/gtk-doc/html'
INSTALL_DATA='${INSTALL} -m 644'
INSTALL_PROGRAM='${INSTALL}'
INSTALL_SCRIPT='${INSTALL}'
INSTALL_STRIP_PROGRAM='$(install_sh) -c -s'
INTROSPECTION_CFLAGS='-pthread -I/usr/include/glib-2.0 -I/usr/lib/x86_64-linux-gnu/glib-2.0/include -I/usr/include/gobject-introspection-1.0  '
INTROSPECTION_COMPILER='/usr/bin/g-ir-compiler'
INTROSPECTION_GENERATE='/usr/bin/g-ir-generate'
INTROSPECTION_GIRDIR='/usr/share/gir-1.0'
INTROSPECTION_LIBS='-lgirepository-1.0 -lgobject-2.0 -lglib-2.0  '
INTROSPECTION_MAKEFILE='/usr/share/gobject-introspection-1.0/Makefile.introspection'
INTROSPECTION_SCANNER='/usr/bin/g-ir-scanner'
INTROSPECTION_TYPELIBDIR='/usr/lib/girepository-1.0'
LD='/usr/bin/ld -m elf_x86_64'
LDFLAGS=''
LIBOBJS=''
LIBS=''
LIBTOOL='$(SHELL) $(top_builddir)/libtool'
LIBTOOL_EXPORT_OPTIONS='-export-symbols-regex "^[^_].*"'
LIPO=''
LN_S='ln -s'
LTLIBOBJS=''
MAKEINFO='${SHELL} /home/holger/Projekte/Titania/gtkglext/missing --run makeinfo'
MANIFEST_TOOL=':'
MATH_LIB='-lm'
MKDIR_P='/bin/mkdir -p'
MS_LIB_AVAILABLE_FALSE=''
MS_LIB_AVAILABLE_TRUE='#'
NM='/usr/bin/nm -B'
NMEDIT=''
OBJC='gcc'
OBJCDEPMODE='depmode=gcc3'
OBJCFLAGS=''
OBJDUMP='objdump'
OBJEXT='o'
OS_WIN32_FALSE=''
OS_WIN32_TRUE='#'
OTOOL64=''
OTOOL=''
PACKAGE='gtkglext'
PACKAGE_BUGREPORT='gtkglext-list@gnome.org'
PACKAGE_NAME='gtkglext'
PACKAGE_STRING='gtkglext 2.99.0'
PACKAGE_TARNAME='gtkglext'
PACKAGE_URL=''
PACKAGE_VERSION='2.99.0'
PANGOFT2_CFLAGS='-pthread -I/usr/include/pango-1.0 -I/usr/include/freetype2 -I/usr/include/glib-2.0 -I/usr/lib/x86_64-linux-gnu/glib-2.0/include  '
PANGOFT2_LIBS='-lpangoft2-1.0 -lpango-1.0 -lfreetype -lfontconfig -lgobject-2.0 -lglib-2.0  '
PATH_SEPARATOR=':'
PERL='/usr/bin/perl'
PKG_CONFIG='/usr/bin/pkg-config'
PKG_CONFIG_LIBDIR=''
PKG_CONFIG_PATH='/usr/lib/x86_64-linux-gnu/pkgconfig'
PTHREAD_CC='gcc'
PTHREAD_CFLAGS='-pthread'
PTHREAD_LIBS=''
RANLIB='ranlib'
SED='/bin/sed'
SET_MAKE=''
SHELL='/bin/bash'
STRIP='strip'
USE_WIN32_FALSE=''
USE_WIN32_TRUE='#'
USE_X11_FALSE='#'
USE_X11_TRUE=''
VERSION='2.99.0'
WINDOWING_CFLAGS=''
WINDOWING_LIBS='  -lXext -lX11 '
XMKMF=''
X_CFLAGS=''
X_EXTRA_LIBS=''
X_LIBS=''
X_PRE_LIBS=' -lSM -lICE'
ac_ct_AR='ar'
ac_ct_CC='gcc'
ac_ct_CXX='g++'
ac_ct_DUMPBIN=''
ac_ct_OBJC='gcc'
am__EXEEXT_FALSE=''
am__EXEEXT_TRUE='#'
am__fastdepCC_FALSE='#'
am__fastdepCC_TRUE=''
am__fastdepCXX_FALSE='#'
am__fastdepCXX_TRUE=''
am__fastdepOBJC_FALSE='#'
am__fastdepOBJC_TRUE=''
am__include='include'
am__isrc=''
am__leading_dot='.'
am__nodep='_no'
am__quote=''
am__tar='$${TAR-tar} chof - "$$tardir"'
am__untar='$${TAR-tar} xf -'
ax_pthread_config=''
bindir='${exec_prefix}/bin'
build='x86_64-unknown-linux-gnu'
build_alias=''
build_cpu='x86_64'
build_os='linux-gnu'
build_vendor='unknown'
datadir='${datarootdir}'
datarootdir='${prefix}/share'
docdir='${datarootdir}/doc/${PACKAGE_TARNAME}'
dvidir='${docdir}'
exec_prefix='${prefix}'
gdkglext_targetlib='libgdkglext-3.0.la'
gtkglext_targetlib='libgtkglext-3.0.la'
host='x86_64-unknown-linux-gnu'
host_alias=''
host_cpu='x86_64'
host_os='linux-gnu'
host_vendor='unknown'
htmldir='${docdir}'
includedir='${prefix}/include'
infodir='${datarootdir}/info'
install_sh='${SHELL} /home/holger/Projekte/Titania/gtkglext/install-sh'
libdir='${exec_prefix}/lib'
libexecdir='${exec_prefix}/libexec'
localedir='${datarootdir}/locale'
localstatedir='${prefix}/var'
mandir='${datarootdir}/man'
mkdir_p='/bin/mkdir -p'
ms_librarian='no'
oldincludedir='/usr/include'
pdfdir='${docdir}'
prefix='/usr/local'
program_transform_name='s,x,x,'
psdir='${docdir}'
sbindir='${exec_prefix}/sbin'
sharedstatedir='${prefix}/com'
sysconfdir='${prefix}/etc'
target_alias=''

## ----------- ##
## confdefs.h. ##
## ----------- ##

/* confdefs.h */
#define PACKAGE_NAME "gtkglext"
#define PACKAGE_TARNAME "gtkglext"
#define PACKAGE_VERSION "2.99.0"
#define PACKAGE_STRING "gtkglext 2.99.0"
#define PACKAGE_BUGREPORT "gtkglext-list@gnome.org"
#define PACKAGE_URL ""
#define STDC_HEADERS 1
#define HAVE_SYS_TYPES_H 1
#define HAVE_SYS_STAT_H 1
#define HAVE_STDLIB_H 1
#define HAVE_STRING_H 1
#define HAVE_MEMORY_H 1
#define HAVE_STRINGS_H 1
#define HAVE_INTTYPES_H 1
#define HAVE_STDINT_H 1
#define HAVE_UNISTD_H 1
#define HAVE_DLFCN_H 1
#define LT_OBJDIR ".libs/"
#define HAVE_INTTYPES_H 1
#define HAVE_STDLIB_H 1
#define HAVE_STRING_H 1
#define HAVE_STDLIB_H 1
#define HAVE_MALLOC 1
#define HAVE_MEMSET 1
#define HAVE_SQRT 1
#define HAVE_STRCHR 1
#define HAVE_STRRCHR 1
#define HAVE_STRSTR 1
#define HAVE_PTHREAD 1
#define HAVE_GL_GL_H 1
#define HAVE_GL_GLU_H 1
#define HAVE_GLXFBCONFIGSGIX 1
#define HAVE_GLXFBCONFIGIDSGIX 1
#define HAVE_GLXPBUFFERSGIX 1
#define HAVE_GLXVIDEOSOURCESGIX 1
#define HAVE___GLXEXTFUNCPTR 1
#define HAVE_GLHALFNV 1

configure: exit 0

## ---------------------- ##
## Running config.status. ##
## ---------------------- ##

This file was extended by gtkglext config.status 2.99.0, which was
generated by GNU Autoconf 2.69.  Invocation command line was

  CONFIG_FILES    = 
  CONFIG_HEADERS  = 
  CONFIG_LINKS    = 
  CONFIG_COMMANDS = 
  $ ./config.status 

on qualle

config.status:1314: creating gdkglext.pc
config.status:1314: creating gtkglext.pc
config.status:1314: creating gdkglext-uninstalled.pc
config.status:1314: creating gtkglext-uninstalled.pc
config.status:1314: creating gtkglext.nsi
config.status:1314: creating Makefile
config.status:1314: creating gdk/Makefile
config.status:1314: creating gdk/gdkglversion.h
config.status:1314: creating gdk/x11/Makefile
config.status:1314: creating gdk/win32/Makefile
config.status:1314: creating gtk/Makefile
config.status:1314: creating gtk/gtkglversion.h
config.status:1314: creating docs/Makefile
config.status:1314: creating docs/reference/Makefile
config.status:1314: creating docs/reference/gtkglext/Makefile
config.status:1314: creating docs/reference/gtkglext/version.xml
config.status:1314: creating examples/Makefile
config.status:1314: creating config.h
config.status:1495: config.h is unchanged
config.status:1543: executing depfiles commands
config.status:1543: executing libtool commands
config.status:1543: executing gdk/gdkglext-config.h commands
config.status:2487: gdk/gdkglext-config.h is unchanged

## ---------------------- ##
## Running config.status. ##
## ---------------------- ##

This file was extended by gtkglext config.status 2.99.0, which was
generated by GNU Autoconf 2.69.  Invocation command line was

  CONFIG_FILES    = 
  CONFIG_HEADERS  = 
  CONFIG_LINKS    = 
  CONFIG_COMMANDS = 
  $ ./config.status config.h

on qualle

config.status:1314: creating config.h
config.status:1495: config.h is unchanged

## ---------------------- ##
## Running config.status. ##
## ---------------------- ##

This file was extended by gtkglext config.status 2.99.0, which was
generated by GNU Autoconf 2.69.  Invocation command line was

  CONFIG_FILES    = 
  CONFIG_HEADERS  = 
  CONFIG_LINKS    = 
  CONFIG_COMMANDS = 
  $ ./config.status gdk/gdkglext-config.h

on qualle

config.status:1543: executing gdk/gdkglext-config.h commands
config.status:2487: gdk/gdkglext-config.h is unchanged
